7.79 1
6.176 0
8.27 1
8 1
8.16 1
3.737 0
7 1
8.21 1
7 1
7.92 1
6.955 1
7.22 1
6.11 0
7 1
4.387 0
7.113 1
8.21 1
4.04 0
7.235 1
7.67 1
7.79 1
5.793 0
8.015 1
7.253 1
4.805 0
7.647 1
7.213 1
7.42 1
5.365 0
8.21 1
7.79 1
7.38 1
7.395 1
5.354 0
6.825 1
7.225 1
7.79 1
7.125 1
7.167 1
1.38 0
1.12 0
6.93 1
6.867 1
7.57 1
7.445 1
7.79 1
2 0
6.24 1
7.115 1
6.65 1
6.07 1
5.819 0
6.495 1
6.843 1
7.81 1
6.177 0
2.92 0
6.566 1
7.056 1
6.876 1
7.89 1
7.79 1
8.27 1
7.04 1
6.59 1
6.24 1
8.45 1
6.617 1
8.12 1
7.013 1
7 1
7.79 1
7.687 1
7.155 1
7.14 1
7 1
8.45 1
5.973 0
7.684 1
5.83 0
6.957 1
7.76 1
7.79 1
2.92 0
1.76 0
8.03 1
4.625 0
7.76 1
8.16 1
7.343 1
5.638 0
7.35 1
7.76 1
7.585 1
4.86 0
7.79 1
6.935 1
8.16 1
5.46 0
8.27 1
8.27 1
6.901 1
7.79 1
8.315 1
8.07 1
7.79 1
6.097 0
7.657 1
6.46 1
8.27 1
6.05 0
8.03 1
8.27 1
5.474 0
7.92 1
8.27 1
8.45 1
5.386 0
7.76 1
7.79 1
6.88 1
7.79 1
7.81 1
4.485 0
1.44 0
6.09 0
7 1
7.79 1
6.93 1
0.76 0
6.294 0
4.43 0
4.64 0
7.24 1
7.02 1
4.31 0
5.891 0
6.993 1
5.91 0
8.27 1
6.525 1
7.166 1
7.064 1
7.79 1
0.84 0
7.79 1
8.022 1
8.27 1
8.03 1
6.59 1
6.497 1
6.795 1
7.077 1
6.85 1
7.79 1
2.92 0
7.3 1
7.79 1
6.715 1
6.818 1
7.294 1
4.665 0
7.36 1
5.871 0
7.995 1
8.27 1
6.879 1
7.92 1
6.542 1
6.88 1
7.002 1
7.345 1
7.407 1
4.328 0
7.955 1
7.203 1
7.79 1
5.11 0
7.89 1
6.96 1
8.21 1
8.27 1
5.96 0
8.27 1
7.75 1
7.58 1
8.21 1
6.11 1
7.79 1
8.57 1
8.24 1
7.207 1
8.17 1
5.713 0
7.91 1
6.442 0
7.195 1
6.293 1
7.213 1
7.245 1
8.27 1
4.12 0
8.16 1
8.16 1
6.378 0
4.918 0
6.16 1
4.88 0
7.81 1
7.6 1
7.79 1
7.59 1
8.57 1
7.82 1
7.92 1
8.27 1
7.92 1
1.335 0
6.034 0
7.725 1
4.407 0
7.837 1
4.49 0
6.95 1
6.641 1
6.93 1
8.055 1
7.76 1
5.315 0
3.38 0
7.195 1
7.595 1
7.79 1
8.12 1
7.22 1
5.355 0
7.92 1
7 1
7.263 1
2.34 0
6.213 0
7.69 1
6.905 1
2.54 0
6.328 0
6.373 1
7.325 1
5.857 0
1.275 0
7 1
7.085 1
5.2 1
6.6 1
7.08 1
6.053 0
7.79 1
7.79 1
8.27 1
2.52 0
7.79 1
8.055 1
4.565 0
8.21 1
5.34 0
8.16 1
4.78 0
5.23 0
4.933 0
5.87 0
6.233 0
6.68 1
7.78 1
4.133 0
8.27 1
7.775 1
6.064 0
7.81 1
8.16 1
8.27 1
8.12 1
7.79 1
5.2 1
7.733 1
8.16 1
2.92 0
5.37 0
6.994 1
6.641 1
5.314 0
7.203 1
8.27 1
8.16 1
7.79 1
4.785 0
6.62 1
6.935 1
6.65 1
8.27 1
8.27 1
1.21 0
7.267 1
8.03 1
7.522 1
6.711 1
7.36 1
8.45 1
7.08 1
8.13 1
8.16 1
6.37 1
3.567 0
7.22 1
8.57 1
7 1
6.825 1
7.025 1
5.793 0
7.76 1
6.911 1
7.79 1
2.44 0
7.457 1
7.545 1
4.72 0
7.81 1
6.76 1
6.93 1
6.715 1
6.04 0
8.27 1
5.315 0
3.587 0
7.79 1
7.79 1
8.21 1
8.03 1
8.27 1
7 1
7.17 1
7.79 1
8.12 1
7.89 1
5.813 0
1.15 0
3.584 0
7.79 1
5.481 0
7.36 1
7 1
7.79 1
7.79 1
5.685 0
2.27 0
7.4 1
6.39 0
7.22 1
7.483 1
6.757 1
7.295 1
7.79 1
5.323 0
6.46 1
6.965 1
8.45 1
5.413 0
7.95 1
7.116 1
8.27 1
5.532 0
3.47 0
6.612 1
7.79 1
2.2 0
7.79 1
7.81 1
7.76 1
8.27 1
4.95 0
6.24 1
8.45 1
6.95 1
7.51 1
8.27 1
7.86 1
6.78 1
7.97 1
3.36 0
5.288 0
2.18 0
5.897 0
7.79 1
7.857 1
5.46 0
7.635 1
7.79 1
7.52 1
8.12 1
4.555 0
7.093 1
4.937 0
8.27 1
7.76 1
7.79 1
8.27 1
6.56 1
4.22 0
7.28 1
7.79 1
7.79 1
7.79 1
7.92 1
7.79 1
6.943 1
7.79 1
7.21 1
7.79 1
8.27 1
5.607 0
7.81 1
2.43 0
7.76 1
6.993 1
1.76 0
7.474 1
7 1
8.27 1
7.427 1
7.79 1
4.555 0
7.6 1
8.16 1
1.12 0
7.79 1
8.195 1
7.4 1
8.27 1
5.6 1
8.27 1
8.45 1
7.79 1
6.226 0
8.27 1
7.58 1
7.68 1
5.345 0
4.13 0
6.96 1
7.79 1
6.913 1
6.65 1
7.76 1
7.79 1
8.27 1
8.45 1
7 1
5.197 0
7.68 1
7 1
2.978 0
0.99 0
7.152 1
7.28 1
1.3 0
3.915 0
7.79 1
6.967 1
7 1
4.33 0
1.12 0
7.92 1
8.27 1
8.12 1
7.32 1
6.098 0
7.79 1
8.27 1
7.92 1
8.45 1
3.751 0
7.79 1
8.24 1
7.79 1
7.79 1
4.643 0
7.95 1
7.545 1
7.79 1
7.79 1
5.303 0
7.59 1
6.93 1
7.053 1
7.085 1
7.46 1
7.76 1
8.03 1
6.78 1
7.525 1
7.192 1
8.27 1
7.638 1
7.18 1
5.6 1
7 1
7.79 1
7.41 1
1.26 0
7.79 1
7.41 1
7.862 1
7.418 1
5.273 0
7.782 1
6.79 1
7.25 1
8.27 1
6.65 1
6.93 1
7.34 1
7.57 1
8.27 1
7.975 1
7.76 1
5.432 0
7.875 1
7.485 1
8.36 1
7.79 1
7.209 1
7.79 1
6.097 0
3.47 0
7.79 1
3.833 0
7 1
7.79 1
6.366 0
7.123 1
7.57 1
8.27 1
8.03 1
7.22 1
7.79 1
7 1
7.69 1
8.27 1
7.89 1
7.623 1
7.4 1
7 1
7.795 1
7.505 1
7.79 1
6.907 1
6.955 1
6.93 1
5.955 0
8.27 1
6.925 1
8.03 1
5.38 0
7 1
7.65 1
6.268 0
6.93 1
6.063 0
8.45 1
7.02 1
7.32 1
7.64 1
5.77 0
7.36 1
7.25 1
7.345 1
8.16 1
7.79 1
7.79 1
7.345 1
7.79 1
7.22 1
7.46 1
4.785 0
7.59 1
7.92 1
7.76 1
7.79 1
7.79 1
7.81 1
6.864 1
7.6 1
8.27 1
7.635 1
8.27 1
5.555 0
5.57 0
7 1
7.79 1
7.117 1
2 0
2 0
5.655 0
7.84 1
7.79 1
2.16 0
7.113 1
7.605 1
5.225 0
7.79 1
7.69 1
5.325 0
7.92 1
7.92 1
7.3 1
7.22 1
5.615 0
7.79 1
7.32 1
8.21 1
7.79 1
6.647 1
2.84 0
7.257 1
7.35 1
7.838 1
7.79 1
7.725 1
7.855 1
8.21 1
7.79 1
7.79 1
6.845 1
8.27 1
7 1
7.775 1
8.05 1
8.12 1
7.975 1
7.76 1
7.92 1
7.233 1
8.16 1
7.22 1
7.03 1
8.16 1
6.77 1
7.57 1
6.8 1
7.458 1
1.44 0
7.66 1
7.56 1
7.36 1
5.6 1
7 1
8.21 1
7.43 1
8 1
7.523 1
8.27 1
7.955 1
8.16 1
7.84 1
1.6 0
7.522 1
8.27 1
2.57 0
8.21 1
6.65 1
2.91 0
6.59 1
7.79 1
7.72 1
3.04 0
8.24 1
8.1 1
2.92 0
8.022 1
5.997 0
7 1
7.79 1
7.79 1
6.76 1
6.773 1
8.21 1
7.375 1
8.16 1
7 1
7.02 1
7.03 1
7.79 1
5.66 0
8.015 1
7.57 1
5.19 0
4.265 0
7.59 1
7.775 1
8.27 1
6.705 1
6.4 1
6.8 1
8.16 1
7.347 1
7.307 1
7.34 1
6.93 1
7 1
7.92 1
7.79 1
7.79 1
7.585 1
6.225 0
7.79 1
6.114 0
7.522 1
6.445 0
8.36 1
7.995 1
6.58 1
8.01 1
7.79 1
3 0
6.388 0
8.27 1
8.16 1
7.79 1
8.27 1
1.44 0
8 1
5.848 0
1.885 0
4.855 0
6.693 1
3.59 0
7.298 1
6.6 1
6.49 1
8.03 1
8.15 1
4.145 0
7.72 1
6.11 1
7.79 1
5.903 0
7.97 1
7.06 1
7.84 1
7.19 1
7.135 1
7.79 1
6.627 1
1.575 0
7.84 1
7.185 1
7.79 1
8.27 1
7.92 1
7.81 1
7.8 1
8.21 1
6.229 0
7.4 1
7.89 1
7.8 1
6.758 1
6.65 1
8.27 1
1.71 0
8.46 1
8.27 1
7 1
1.53 0
6.553 1
7.79 1
8.27 1
8.18 1
8.45 1
7.22 1
8.27 1
7.678 1
7.79 1
1.12 0
6.767 1
7.19 1
6.04 0
7.76 1
8.16 1
2.92 0
4.03 0
3.247 0
2.92 0
7 1
8.16 1
7 1
7.553 1
7.715 1
7.79 1
7.79 1
7 1
8.57 1
7.89 1
6.588 1
7.79 1
7.44 1
8.03 1
7.79 1
5.412 0
7.025 1
8.27 1
6.38 1
8.03 1
8.16 1
7.598 1
7.89 1
7 1
8.065 1
7.2 1
4.51 0
7 1
7.23 1
4.093 0
7.79 1
7.79 1
7.295 1
7 1
7.877 1
8.45 1
7.79 1
7.78 1
8.16 1
7.24 1
1.26 0
7.79 1
7.346 1
7.067 1
8.45 1
5.38 0
5.203 0
6.787 1
0.74 0
7.84 1
8.16 1
2.24 0
7.155 1
4.03 0
5.925 1
6.692 1
2.36 0
7.88 1
7.722 1
7.163 1
7.4 1
7.772 1
8.27 1
7.79 1
2.292 0
7.81 1
7.79 1
7.487 1
7.705 1
7.57 1
8 1
7.92 1
8.27 1
7.087 1
8.21 1
4.36 0
8.03 1
8.27 1
7.79 1
3.942 0
7.212 1
7.09 1
7.79 1
1.633 0
7.73 1
8.27 1
2.84 0
8.45 1
2.46 0
8.27 1
7.635 1
7.257 1
5.2 1
7.81 1
7.79 1
8.27 1
7.415 1
7.483 1
7.76 1
6.973 1
6.405 1
7.28 1
6.411 0
7.79 1
3.937 0
7.76 1
6.214 0
8.09 1
3.78 0
8.57 1
3.787 0
7.404 1
7.123 1
8.27 1
6.482 1
8.27 1
7.44 1
1.12 0
7.79 1
7.325 1
7.89 1
6.765 1
7.81 1
7.395 1
7.81 1
7.85 1
8.27 1
6.045 1
7.79 1
7.69 1
6.88 1
7.19 1
8.45 1
7.608 1
2 0
1.145 0
7.92 1
7.635 1
7.61 1
7.81 1
8.21 1
2.88 0
7.41 1
7.147 1
3.928 0
7.97 1
7.76 1
7.68 1
7.79 1
6.013 0
7.46 1
8.45 1
8.27 1
6.947 1
7 1
8.19 1
8.03 1
7.79 1
7.59 1
7.79 1
5.2 1
7.89 1
4.688 0
7.247 1
1.12 0
6.957 1
7 1
8.12 1
8.57 1
6.93 1
8.27 1
7.095 1
7 1
8.04 1
2.84 0
8.14 1
7.92 1
7.79 1
7.79 1
4.025 0
6.81 1
8.45 1
6.93 1
6.93 1
6.65 1
7.89 1
5.077 0
8.45 1
7.785 1
7.79 1
7.795 1
7.89 1
7.429 1
7.445 1
8.21 1
7.49 1
8.03 1
7.76 1
6.975 1
8.03 1
0.83 0
8.45 1
7.79 1
8 1
6.935 1
7.55 1
4.457 0
7.435 1
7 1
8.03 1
7.79 1
6.437 0
6.874 1
4.535 0
8.45 1
7.89 1
8.27 1
8.215 1
7.395 1
7.388 1
5.493 0
6.65 1
7.72 1
7.79 1
6.346 0
6.974 1
8.45 1
8.27 1
7.92 1
8.45 1
7.527 1
7.79 1
8.09 1
8.08 1
8.21 1
7.79 1
6.472 1
7.978 1
2.16 0
7.79 1
7.292 1
7 1
8.18 1
8.45 1
6.935 1
8.305 1
7.755 1
5.797 0
6.921 1
8.27 1
6.92 1
7.43 1
1.19 0
7.755 1
7.5 1
7.52 1
8.08 1
7.085 1
7.12 1
7.275 1
7.68 1
7.79 1
6.476 1
7.69 1
8.215 1
8.21 1
7.337 1
8.16 1
6.59 1
7.81 1
7.76 1
6.3 1
5.257 0
2.92 0
6.8 1
1.895 0
7.57 1
7.81 1
8.21 1
7.983 1
6.93 1
7.84 1
0.198 0
2.93 0
1.07 0
7.29 1
2.92 0
7.46 1
6.969 1
7.503 1
7 1
7.965 1
8.27 1
1.12 0
7.79 1
8.03 1
7.137 1
7.69 1
7.965 1
6.59 1
7.79 1
7.79 1
5.96 0
7.79 1
1.67 0
6.56 1
6.902 1
2.44 0
7 1
6.655 1
0.84 0
7.593 1
6.395 1
6.67 1
8.27 1
6.65 1
7.405 1
5.334 0
6.657 1
7.337 1
7 1
4.83 0
6.93 1
7.79 1
8.45 1
5.25 0
8.36 1
2.92 0
7.633 1
5.2 1
3.41 0
7.79 1
7.79 1
3.21 0
5.623 0
7.64 1
7.013 1
8.45 1
6.65 1
8.27 1
8.45 1
8.14 1
7.79 1
7.79 1
4.475 0
6.824 1
8.16 1
7.216 1
8.27 1
7.423 1
6.93 1
5.94 0
6.68 1
7.79 1
8.45 1
8.27 1
6.76 1
7.4 1
8.27 1
6.598 1
5.3 0
8.21 1
8.27 1
7.79 1
7.86 1
7.775 1
7.532 1
6.93 1
7.193 1
7.245 1
7.79 1
7.925 1
3.515 0
5.833 0
4.32 0
5.477 0
7.79 1
7.79 1
3.893 0
6.93 1
7.79 1
8.21 1
7.41 1
8.27 1
7.775 1
6.59 1
2 0
5.595 0
7 1
6.067 0
8.27 1
4.12 0
7.76 1
6.96 1
8.09 1
7.59 1
7.395 1
8.12 1
4.844 0
7.777 1
7.76 1
8.45 1
7.648 1
7.79 1
7.42 1
7.14 1
7.79 1
7.51 1
7 1
5.627 0
8.165 1
7.05 1
7.723 1
7.282 1
7.79 1
8.16 1
7.76 1
7.76 1
4.698 0
8.015 1
7.57 1
8.27 1
8.12 1
8.42 1
7.79 1
7 1
7.79 1
7.81 1
8.16 1
8.36 1
4.455 0
6.96 1
7.79 1
7.79 1
6.333 1
6.98 1
7.79 1
7.79 1
7.43 1
7.1 1
7.92 1
7.81 1
8.27 1
8.132 1
6.765 1
7.79 1
7 1
7.79 1
7.79 1
7.3 1
7.545 1
7.89 1
7 1
7.84 1
7.348 1
8.245 1
6.243 0
2.84 0
7.34 1
7.79 1
8.21 1
7.81 1
7.967 1
6.8 1
7.34 1
7 1
3.507 0
7.68 1
6.65 1
6.65 1
7.815 1
8.27 1
7.46 1
6.265 1
6.935 1
7.59 1
6.43 1
5.533 0
2.92 0
8.14 1
6.56 1
7 1
7.335 1
8.185 1
8.16 1
8.45 1
8.27 1
7.192 1
8.45 1
7.635 1
8.313 1
7.76 1
7.76 1
7 1
7.473 1
3.57 0
8.21 1
8.45 1
7.425 1
7.132 1
7.76 1
7.79 1
7.79 1
7.02 1
2.92 0
7.79 1
8.27 1
5.024 0
7.662 1
7.4 1
6.93 1
7.81 1
7.615 1
5.6 1
6.973 1
7.36 1
7.475 1
4.383 0
7.517 1
6.965 1
8.27 1
7.79 1
7.375 1
8.45 1
7.09 1
3.47 0
4.81 0
7.975 1
7.975 1
7.72 1
5.901 0
6.95 1
7.76 1
7.592 1
8.27 1
7.79 1
4.51 0
7.91 1
6.76 1
7 1
7.847 1
4.25 0
6.65 1
7.79 1
6.62 1
7.79 1
7.855 1
8.57 1
3.51 0
7.89 1
7.79 1
7.79 1
3.6 0
4.4 0
8.45 1
2.35 0
7.79 1
5.105 0
7.63 1
7.753 1
7.79 1
7.38 1
7.79 1
7.79 1
7.79 1
4.047 0
3.47 0
6.93 1
1.487 0
7 1
7.36 1
7.92 1
5.6 1
7.79 1
8.27 1
7.3 1
6.923 1
7.79 1
6.707 1
6.325 0
7.6 1
7.57 1
8.27 1
6.125 1
7.335 1
6.495 1
6.407 0
5.315 0
4.515 0
8.17 1
7.79 1
8.16 1
8.27 1
3.835 0
6.063 0
7.57 1
6.93 1
7.79 1
8.16 1
7.81 1
7 1
6.2 0
7 1
8.16 1
5.38 0
7.81 1
8.27 1
7.22 1
8.205 1
6.987 1
8.27 1
7.79 1
7.79 1
6.179 0
7.537 1
7.79 1
5.92 0
7.835 1
8.12 1
3.47 0
7 1
7.81 1
8.27 1
7.79 1
7.4 1
8.27 1
3.47 0
7.377 1
6.287 0
6.76 1
6.695 1
8.27 1
6.529 1
7.63 1
7.1 1
6.93 1
6.706 1
6.416 0
7.027 1
6.62 1
7.79 1
7.855 1
7.89 1
7.79 1
7.9 1
2.15 0
7.79 1
4.68 0
6.795 1
6.52 1
7.635 1
7.088 1
7.76 1
1.12 0
5.63 0
6.353 1
7.41 1
8.24 1
8.27 1
6.822 1
5.33 1
6.65 1
8.27 1
7.79 1
6.781 1
8.165 1
7.327 1
5.927 0
7.461 1
4.365 0
6.27 1
5.787 0
6.11 1
7.615 1
8.27 1
7 1
7.38 1
5.325 0
7.775 1
8.27 1
7.79 1
7.79 1
8.45 1
7.25 1
8.45 1
7.97 1
7.79 1
7.827 1
7.79 1
7.675 1
8.27 1
7.775 1
7.79 1
4.194 0
7.047 1
4.94 0
8.27 1
2 0
6.65 1
7.79 1
8.27 1
8.45 1
7.57 1
5.698 0
7.565 1
7.765 1
8.16 1
7.985 1
6.24 1
6.93 1
2.84 0
7.36 1
6.695 1
8.03 1
7.81 1
7.562 1
7.92 1
6.65 1
7.19 1
7.79 1
7.295 1
7.79 1
5.236 0
7.42 1
8.16 1
7.41 1
7.76 1
7.73 1
4.49 0
4.48 0
7.76 1
8.57 1
8.36 1
3.738 0
6.52 1
7.395 1
8.45 1
8.36 1
7.57 1
7.57 1
7.79 1
8.27 1
7 1
7.79 1
6.31 1
8.27 1
8.27 1
5.81 1
7.79 1
2.84 0
7.79 1
6.01 0
8.45 1
7.84 1
7.025 1
7.97 1
7 1
7.322 1
4.06 0
5.01 0
8.27 1
7.76 1
5.315 0
7 1
7.59 1
5.647 0
6.683 1
5.71 0
7.285 1
5.63 0
6.93 1
7.79 1
6.8 1
7.92 1
8.16 1
7.572 1
5.769 0
7.08 1
7.08 1
7.205 1
7.605 1
7.19 1
7.79 1
8.03 1
7.385 1
6.935 1
8.16 1
8.04 1
2.52 0
7.16 1
6.825 1
7.79 1
7.79 1
7.79 1
7.79 1
5.113 0
7.556 1
1.145 0
6.765 1
7.6 1
8.27 1
7.79 1
7.89 1
7.855 1
7.359 1
6.274 0
7.772 1
8.36 1
7.79 1
4.28 0
6.93 1
7.415 1
7.89 1
8.27 1
8.21 1
8.205 1
0.84 0
7.79 1
7.79 1
8.11 1
7.79 1
7.79 1
7.276 1
7.72 1
5.922 0
5.59 0
8.14 1
6.913 1
8.27 1
8.03 1
7.16 1
7.92 1
2.52 0
8.16 1
7.79 1
6.99 1
7.19 1
7.955 1
8.27 1
8.57 1
5.26 0
8.27 1
7 1
8.21 1
8.45 1
8.28 1
7.395 1
7.97 1
8.45 1
7 1
7.084 1
5.69 0
7.79 1
7 1
7.76 1
7.525 1
7 1
4.78 0
8.16 1
8.27 1
1.48 0
8.14 1
7.375 1
8.03 1
7.877 1
7.442 1
8.03 1
5.595 0
5.862 0
8.16 1
5.835 0
8.08 1
8.27 1
6.292 0
7.775 1
8.23 1
5.63 0
7.19 1
7.625 1
7.154 1
8.12 1
7.812 1
5.972 0
7 1
5.897 0
7 1
7.775 1
8.27 1
8.27 1
7.76 1
6.8 1
7.79 1
6.935 1
2.92 0
8.12 1
5.503 0
7.92 1
7.01 1
8.27 1
4.92 0
4.893 0
8.27 1
7.88 1
5.888 0
6.41 0
8.17 1
7.52 1
7.087 1
7.405 1
8.27 1
8.27 1
8.025 1
7.444 1
8.42 1
6.35 1
1.46 0
7.47 1
7.84 1
7.6 1
7.46 1
8.17 1
7.701 1
6.2 0
3.035 0
7.032 1
7 1
6.077 0
7.94 1
7.76 1
7.79 1
7.385 1
4.775 0
7.86 1
1.3 0
7.79 1
8.27 1
8.03 1
7.79 1
7.635 1
6.825 1
6.268 0
7.693 1
3.98 0
7.34 1
7.965 1
7.79 1
7.865 1
6.64 1
8.16 1
5.86 1
7.48 1
8.21 1
6.16 1
8.27 1
7.473 1
7.445 1
8.57 1
7.285 1
8.45 1
8.27 1
7.007 1
7.79 1
8.45 1
7.79 1
4.74 0
6.672 1
7.353 1
6.938 1
7.79 1
4.76 0
7.76 1
7.493 1
7.79 1
7.81 1
7.377 1
7.395 1
7 1
7.328 1
7.023 1
7.787 1
6.93 1
8.27 1
7.855 1
7.008 1
6.112 0
7.155 1
7.34 1
8.27 1
7.72 1
8.27 1
7.79 1
6.812 1
7.78 1
5.625 0
8.45 1
2.36 0
7 1
7.76 1
7.79 1
4.22 0
6.178 0
8.27 1
7.55 1
6.65 1
4.32 0
7.74 1
7.665 1
7 1
6.008 0
7.595 1
4.485 0
3.04 0
7.79 1
8.11 1
7.79 1
7.39 1
5.55 0
7.79 1
6.597 1
7.863 1
7.49 1
7.84 1
7.02 1
8 1
7.275 1
8.45 1
5.605 0
7.38 1
8.45 1
8.27 1
7.95 1
2 0
7.395 1
8.16 1
8.21 1
7.79 1
8.45 1
7.195 1
8.04 1
7.79 1
4.48 0
7.731 1
7.76 1
7.23 1
7.226 1
7 1
7.88 1
6.415 1
4.548 0
8.27 1
7.28 1
0.85 0
7.79 1
4.625 0
1.5 0
7.438 1
5.633 0
5.466 0
5.734 0
4.64 0
7.76 1
7.92 1
7.79 1
7.14 1
7.92 1
2.52 0
7.81 1
7.678 1
7.79 1
7.97 1
8.45 1
7.97 1
7.81 1
8.03 1
8.27 1
7.755 1
7.965 1
7.79 1
6.797 1
4.6 0
7.81 1
7.79 1
5.45 0
7.023 1
7 1
8.16 1
6.499 1
7.79 1
2.953 0
6.93 1
7.124 1
6.965 1
7.535 1
6.93 1
7.81 1
7.775 1
7.395 1
7.79 1
7.89 1
7.564 1
6.987 1
7.92 1
2.562 0
5.57 0
6.11 1
7.79 1
6.62 1
7.855 1
7.105 1
6.979 1
6.93 1
4.545 0
7.181 1
7.79 1
6.338 0
7.79 1
3.47 0
6.93 1
6.773 1
5.387 0
7.72 1
7.89 1
6.96 1
7.775 1
6.934 1
7.53 1
6.945 1
6.42 1
6.848 1
5.353 0
7.725 1
5.74 1
6.95 1
8.04 1
2.54 0
7.28 1
8.45 1
2.055 0
3.853 0
5.355 0
8.27 1
7.79 1
8.27 1
8.19 1
6.96 1
8.57 1
8.025 1
4.515 0
1.26 0
8.27 1
6.8 1
7.72 1
7.098 1
6.4 1
6.314 0
8.21 1
7.405 1
7.15 1
7.827 1
7.478 1
8.45 1
7 1
6.68 1
7 1
5.152 0
5.54 0
7.557 1
7 1
6.478 1
7.393 1
7.316 1
7.135 1
6.88 1
7.92 1
7.76 1
7.187 1
7.387 1
8.45 1
7.92 1
7.19 1
7.79 1
7.79 1
6.279 0
4.745 0
6.242 0
7.73 1
3.95 0
7.445 1
5.67 0
7.272 1
7.387 1
5.653 0
6.1 1
8 1
6.942 1
4.868 0
7.62 1
7.92 1
7 1
7.79 1
7.855 1
7 1
7.445 1
7.79 1
7.69 1
7.755 1
7.975 1
7.279 1
7.79 1
2.013 0
8.27 1
7.373 1
7.76 1
6.95 1
7.758 1
1.12 0
6.79 1
7.417 1
8.27 1
7.72 1
7 1
7.79 1
5.74 1
6.022 0
6.93 1
7.57 1
7.88 1
8.27 1
4.957 0
7.77 1
7.26 1
8.45 1
5.315 0
7.275 1
4.855 0
7.76 1
7.79 1
7.668 1
7.413 1
7.81 1
7.89 1
6.018 0
7.79 1
6.628 1
7.653 1
6.686 1
7.79 1
7.79 1
3.486 0
6.573 1
6.52 1
7.81 1
6.695 1
7.92 1
8.16 1
6.93 1
8.24 1
8.57 1
6.93 1
7.03 1
7 1
8.27 1
6.65 1
6.825 1
7.81 1
5.155 0
8.12 1
7.76 1
7.97 1
7.79 1
8.21 1
5.06 0
6.84 1
7.79 1
6.65 1
7.79 1
8.27 1
7 1
7.785 1
7.175 1
2.84 0
8.45 1
8.03 1
8.16 1
7.29 1
7.79 1
0.83 0
8.12 1
6.8 1
8.21 1
7 1
5.667 0
8.27 1
7.89 1
1.63 0
5.6 1
0.221 7
7.387 1
6.474 1
7.507 1
8.16 1
7.574 1
8.27 1
7.375 1
5.075 0
7.287 1
8.12 1
7.189 1
5.077 0
7.29 1
7.92 1
7.72 1
3.301 0
7.49 1
8.03 1
7.79 1
8.12 1
1.44 0
8.14 1
7.355 1
6.11 1
7.395 1
6.99 1
3.47 0
7.328 1
7.777 1
1.63 0
7.79 1
7.79 1
7.76 1
8.27 1
7.59 1
7.4 1
6.68 1
2.647 0
7.395 1
7.79 1
7.61 1
7.79 1
7.79 1
6.93 1
8.16 1
6.227 0
1.72 0
6.183 0
6.68 1
7.18 1
8.27 1
7 1
6.768 1
7.543 1
7.79 1
6.842 1
7.79 1
7.72 1
7.48 1
6.88 1
1.5 0
6.96 1
7.215 1
8.04 1
8.04 1
7.58 1
7.92 1
6.075 1
8.45 1
6.795 1
8.27 1
7.79 1
7.92 1
6.579 1
5.463 0
7.302 1
7.79 1
6.793 1
3.86 0
7.79 1
7.79 1
1.39 0
8.41 1
5.537 0
7.105 1
4.86 0
2.92 0
7.89 1
8.14 1
7.188 1
7.11 1
7.79 1
1.93 0
7.165 1
7.655 1
7.023 1
7.053 1
7.79 1
6.21 0
8.015 1
7.824 1
7.287 1
8.185 1
5.633 0
7.71 1
8.27 1
6.091 0
6.8 1
7.97 1
7.92 1
7.46 1
7.79 1
7.19 1
5.96 0
3.47 0
6.31 0
6.93 1
8.41 1
8.27 1
8.57 1
7.282 1
7.091 1
7.545 1
7.18 1
7.395 1
7.92 1
8.27 1
7.407 1
7.15 1
6.787 1
7.79 1
4.715 0
5.562 0
6.39 0
8.45 1
3.862 0
7.79 1
2.36 0
7.075 1
6.81 1
8.27 1
6.857 1
8.16 1
7.136 1
8.17 1
0.83 0
7.79 1
7.79 1
7.197 1
3.67 0
7.79 1
7.92 1
8.21 1
8.27 1
8.03 1
7.92 1
5.767 0
7.285 1
7.763 1
8.27 1
7.79 1
7.72 1
8.27 1
3.172 0
6.68 1
4.475 0
3.323 0
8.21 1
1.67 0
7.79 1
8.45 1
7.087 1
7.152 1
7.155 1
7 1
7.445 1
7.79 1
8.27 1
6.837 1
7.89 1
6.653 1
6.97 1
6.573 1
7.13 1
4.44 0
8.085 1
7.57 1
8.45 1
7.79 1
7.79 1
8.03 1
7.46 1
2.92 0
6.945 1
7.79 1
6.93 1
7 1
8.12 1
7.6 1
7.045 1
7.265 1
8.45 1
4.335 0
7.345 1
8.16 1
7.663 1
7.79 1
7.76 1
3.8 0
7.68 1
5.6 1
8.03 1
1.11 0
7.79 1
7.79 1
5.2 1
7.79 1
7.89 1
7.046 1
6.825 1
8.03 1
6.56 1
8.27 1
2.2 0
4.027 0
6.65 1
5.2 1
6.93 1
3.88 0
6.013 0
6.475 1
7.79 1
7.803 1
6.487 1
7.042 1
8.27 1
5.622 0
5.07 0
7.79 1
7.79 1
7 1
5.61 0
7.985 1
6.76 1
7.92 1
8.27 1
7.84 1
7.79 1
7.975 1
8.27 1
5.135 0
7.81 1
8.27 1
7.79 1
6.232 0
7.89 1
8.365 1
7.79 1
7.79 1
7.79 1
7.79 1
8.14 1
4.32 0
8 1
7.79 1
8.27 1
7.79 1
8.21 1
7.59 1
2.32 0
6.933 1
8.27 1
7.79 1
7.79 1
6.553 1
1.76 0
7.775 1
7.333 1
6.96 1
1.63 0
8.21 1
1.63 0
6.074 0
8.27 1
6.8 1
0.85 0
8.12 1
7 1
7.76 1
6.59 1
7 1
8.27 1
8.27 1
8.45 1
7 1
7 1
7 1
7 1
7.57 1
6.6 1
7.27 1
7.303 1
7.775 1
8.57 1
5.2 1
7.79 1
7.017 1
8.27 1
7.19 1
3.845 0
7.353 1
7 1
6.417 0
8.12 1
7.92 1
6.988 1
7.77 1
8.03 1
8.21 1
8.57 1
7 1
7 1
8.27 1
6.12 1
6.132 0
8.03 1
7 1
4.31 0
6.761 1
8.27 1
7.513 1
7.32 1
8.27 1
4.36 0
7.34 1
5.375 0
7.79 1
8.16 1
7.92 1
7.6 1
7.395 1
4.785 0
8.57 1
5.613 0
7 1
2.84 0
7 1
5.88 0
8.16 1
8.21 1
6.176 0
1.3 0
7.36 1
4.809 0
2 0
3.47 0
8.12 1
8.015 1
5.784 0
7.175 1
7.475 1
7.76 1
7.447 1
6.93 1
2.84 0
5.2 1
5.33 1
8.12 1
8.12 1
7.79 1
8.45 1
1.26 0
7.88 1
6.2 1
6.421 0
8.24 1
6.88 1
8.03 1
7.79 1
5.235 0
8.27 1
7.14 1
7.79 1
8.16 1
6.11 1
5.315 0
6.93 1
7.79 1
7.61 1
8.215 1
7.76 1
8.21 1
3.59 0
2.84 0
7.84 1
7.775 1
7.76 1
7.94 1
7.19 1
7.635 1
8.16 1
1.44 0
5.996 0
7.79 1
7.34 1
6.76 1
6.98 1
7.375 1
2.25 0
7.74 1
2.845 0
6.867 1
8.13 1
8.12 1
2.475 0
7.76 1
7.395 1
7.79 1
7.185 1
5.93 0
7.79 1
6.72 1
1.44 0
7 1
7.525 1
7.755 1
8.16 1
7.38 1
7.76 1
8.16 1
6.445 0
8.27 1
8.27 1
6.665 1
6.227 0
6.303 0
7 1
3.685 0
7.81 1
7.793 1
7.285 1
7.84 1
7.79 1
6.547 1
8.45 1
8.03 1
7.76 1
6.8 1
6.955 1
8.27 1
6.59 1
6.93 1
7.545 1
7.56 1
5.6 1
7.79 1
8.27 1
6.998 1
7.677 1
5.62 0
7.79 1
6.693 1
7.536 1
1.415 0
7.61 1
8.57 1
4.896 0
6.327 0
7.317 1
6.985 1
7.57 1
7.913 1
0.83 0
7.217 1
8.45 1
6.49 1
7.07 1
7.22 1
0.85 0
7.89 1
7.6 1
8.015 1
1.07 0
7.76 1
7.59 1
7.79 1
7.79 1
2.36 0
6.825 1
7.665 1
7 1
7.89 1
7 1
5.967 0
7.79 1
8.33 1
8.45 1
8.16 1
8.57 1
3.472 0
7.853 1
4.297 0
7.762 1
7.79 1
7.79 1
7.07 1
7.17 1
6.616 1
7.103 1
8.065 1
1.845 0
8.27 1
3.47 0
7.79 1
7.977 1
7.89 1
7.84 1
8.195 1
8.27 1
6.74 1
7.22 1
5.93 1
3.396 0
1.35 0
6.765 1
7.06 1
6.64 1
8.27 1
7.79 1
7 1
7.79 1
7.92 1
4.08 0
8.24 1
7.76 1
7.93 1
4.565 0
7.177 1
7.79 1
7 1
7.775 1
8.57 1
6.035 0
7.012 1
6.825 1
8.27 1
6.93 1
8.27 1
4.575 0
5.145 0
7.81 1
7.825 1
8.57 1
8.02 1
8.03 1
7.81 1
6.795 1
7.156 1
7.79 1
6.825 1
5.2 1
7 1
3.482 0
7.79 1
8.27 1
2 0
7.79 1
8.27 1
6.79 1
6.943 1
3.367 0
7.451 1
5.732 0
6.853 1
7.523 1
7.79 1
5.667 0
8.12 1
7.855 1
7.92 1
7.72 1
7.79 1
7.79 1
1.52 0
6.35 0
5.6 1
7.79 1
8.065 1
2.84 0
7.79 1
4.32 0
8.27 1
6.918 1
7.095 1
1.5 0
7.95 1
8.18 1
7.79 1
7.79 1
7.79 1
6.23 0
3.47 0
7.618 1
8.45 1
7.89 1
7.42 1
6.308 0
5.907 0
6.76 1
4.805 0
7.725 1
7.345 1
4 0
7.76 1
1.07 0
8.27 1
2.36 0
5.606 0
4.527 0
2.22 0
7.79 1
8.16 1
7.03 1
8.21 1
7.605 1
8.45 1
8.21 1
7.79 1
3.854 0
8.03 1
7.263 1
6.53 1
7.79 1
7.89 1
1.07 0
7.92 1
8.27 1
4.615 0
2.84 0
2.757 0
7.527 1
7.365 1
1.38 0
6.197 0
1.63 0
7.25 1
6.148 0
6.07 0
5.355 0
7.79 1
7.79 1
6.65 1
7.025 1
6.145 0
7.438 1
1.945 0
7.073 1
8.27 1
6.716 1
2.25 0
7.79 1
7.79 1
6.717 1
8.27 1
7.347 1
4.79 0
8.27 1
7.89 1
7.79 1
7.36 1
8.27 1
7.79 1
7.46 1
7 1
7.975 1
7.22 1
8.27 1
8.45 1
7.23 1
4.916 0
6.93 1
6.65 1
6.874 1
5.463 0
8.04 1
7.79 1
8.142 1
6.68 1
6.12 1
1.89 0
6.65 1
8.03 1
6.93 1
1.88 0
8.27 1
7.995 1
7.965 1
7 1
6.965 1
7.685 1
8.03 1
7.505 1
8.45 1
4.187 0
3.863 0
8.27 1
6.761 1
7.79 1
7 1
7.79 1
8.145 1
8.12 1
5.766 0
6.93 1
1.47 0
5.945 0
5.22 0
5.7 0
4.13 0
8.21 1
5.76 0
7.315 1
7.79 1
7.225 1
7.22 1
6.8 1
5.365 0
8.21 1
8.015 1
7.635 1
7.79 1
6.987 1
7.79 1
7.79 1
7.57 1
7.79 1
7.79 1
8.03 1
5.93 0
7.074 1
7.52 1
6.838 1
7.226 1
7.154 1
6.137 1
7.56 1
6.414 0
4.13 0
7.275 1
6.59 1
4.67 0
8.42 1
6.95 1
7.65 1
7.79 1
6.857 1
8.27 1
7.955 1
7.79 1
7.755 1
7.975 1
7.36 1
2.04 0
3.47 0
7 1
7.79 1
8.27 1
8.21 1
6.93 1
7.855 1
7.72 1
6.65 1
7.81 1
6.167 0
7.865 1
7.36 1
7.663 1
6.349 0
8.27 1
1.35 0
7.07 1
4.13 0
2.84 0
6.76 1
7.077 1
7.84 1
7 1
7.583 1
8.57 1
7.66 1
8.27 1
6.074 0
7.413 1
7.525 1
7.26 1
7.338 1
7.295 1
8.165 1
8.45 1
6.292 0
8.315 1
8.03 1
6.59 1
8.27 1
6.087 0
0.985 0
2.15 0
7 1
5.858 0
2.36 0
7.97 1
7.627 1
5.557 0
7.474 1
7.79 1
5.155 0
7.015 1
7.556 1
8.16 1
6.04 0
6.875 1
7.34 1
6.36 0
8.45 1
7.643 1
2.84 0
1.76 0
7.79 1
7 1
7.79 1
5.355 0
5.845 1
7.775 1
7.6 1
7.99 1
4.423 0
6.332 0
7.855 1
1.823 0
7 1
4.275 0
8.27 1
7.132 1
7.335 1
7.97 1
7.375 1
5.817 0
8.21 1
8.313 1
6.946 1
5.517 0
7.79 1
7.79 1
7.173 1
7.79 1
7.2 1
5.17 0
7.32 1
7.195 1
6.965 1
6.771 1
5.68 0
8.21 1
8.09 1
7.81 1
7.145 1
7.672 1
8.27 1
7.545 1
7.135 1
8.27 1
7.626 1
6.982 1
7 1
7.19 1
7.57 1
8.03 1
7.84 1
7.417 1
7 1
6.207 0
5.518 0
7.34 1
7.975 1
7.79 1
7.673 1
7.79 1
2.92 0
7.79 1
6.81 1
7.775 1
7.76 1
7.673 1
2.44 0
7.755 1
8.45 1
8.27 1
5.53 0
1.79 0
7.33 1
7.84 1
7.545 1
6.357 0
8.27 1
6.56 1
7.552 1
8.16 1
1.12 0
6.59 1
8.16 1
5.847 0
8.57 1
6.86 1
7.79 1
6.099 0
5.6 1
7.565 1
7.79 1
7.79 1
7.06 1
7.28 1
5.9 0
8.16 1
1.48 0
6.62 1
8.21 1
3.91 0
7.425 1
7.245 1
7 1
6.93 1
7.82 1
8.16 1
6.835 1
7.9 1
7.775 1
4.544 0
8.16 1
4.545 0
7.79 1
6.983 1
8.21 1
6.36 0
2.221 0
8.45 1
5.253 0
8.57 1
7.79 1
8.24 1
6.346 0
6.93 1
7.276 1
8.57 1
7.217 1
4.755 0
5.16 0
8.08 1
2.28 0
8.45 1
8.02 1
8.27 1
7.79 1
7.79 1
8.16 1
7.386 1
5.96 0
8.18 1
5.645 0
7.147 1
6.615 1
7.855 1
7.79 1
8.095 1
5.768 0
8.27 1
2.52 0
7 1
6.825 1
7.9 1
8.03 1
8.27 1
7.79 1
7.21 1
6.116 0
7.79 1
7.79 1
6.734 1
8.27 1
6.622 1
8.27 1
7.79 1
7.34 1
7.746 1
3.402 0
7.8 1
8.45 1
7.847 1
0.84 0
8.27 1
8.45 1
7.123 1
8.16 1
4.443 0
7 1
7.685 1
7.79 1
7.46 1
7.79 1
8.015 1
6.93 1
8.45 1
7.602 1
8.16 1
1.84 0
7.955 1
8.24 1
7.81 1
0.85 0
8.27 1
8.03 1
6.65 1
7.035 1
7.81 1
8.27 1
7.987 1
7.395 1
7.79 1
5.454 0
6.505 1
7.7 1
7.08 1
7.983 1
1.12 0
8.16 1
8.21 1
7 1
6.95 1
7.04 1
8.215 1
7.89 1
7.995 1
7.79 1
2.84 0
7.79 1
7.395 1
5.975 0
3.645 0
7 1
7.69 1
7.79 1
8.27 1
7.155 1
7.827 1
8.16 1
6.555 1
7.305 1
7.236 1
7.79 1
1.17 0
1.365 0
2.2 0
7.395 1
7.827 1
5.587 0
3.97 0
8.03 1
8.16 1
8.16 1
6.098 0
6.547 1
7.34 1
7.79 1
7.775 1
8.27 1
8.12 1
8.57 1
7.36 1
7.79 1
7.76 1
6.315 1
5.895 1
8.21 1
5.03 0
6.65 1
7.67 1
8.12 1
6.76 1
5.12 0
1.71 0
7.59 1
0.99 0
7.72 1
2.84 0
7.79 1
1.24 0
6.67 1
8.27 1
7.92 1
8.27 1
7.76 1
7.34 1
7.79 1
5.6 1
6.3 1
7.127 1
5.64 1
8.57 1
8.57 1
7.414 1
7.22 1
6.65 1
6.93 1
7.79 1
7.352 1
7.79 1
7.253 1
8.24 1
8.14 1
8.16 1
7.653 1
7.452 1
2.92 0
3.895 0
6.52 1
1.86 0
7.36 1
8.33 1
6.137 1
7.747 1
8.45 1
7.92 1
7.79 1
7.263 1
8.16 1
5.32 0
7.43 1
8.45 1
7.89 1
7 1
8.27 1
7.42 1
7.505 1
7.76 1
8.12 1
8.16 1
1.3 0
7.79 1
8.36 1
7.79 1
8.27 1
7.503 1
8.45 1
8.16 1
6.995 1
7.59 1
8.19 1
6.825 1
8.57 1
7.12 1
6.164 0
8.12 1
7.72 1
7.602 1
7.79 1
7.193 1
1.01 0
7.81 1
7.81 1
6.655 1
7.3 1
6.385 1
7.81 1
8.27 1
7.79 1
7.635 1
6.447 1
1.48 0
7.6 1
6.695 1
7.9 1
7.79 1
7.865 1
8.45 1
6.74 1
6.765 1
8.27 1
7.693 1
1.49 0
5.22 0
1.56 0
6.338 0
3.953 0
7.76 1
6.6 1
4.965 0
7.72 1
7.902 1
8.16 1
7.48 1
5.41 0
8.12 1
7.43 1
7.79 1
7.69 1
7.79 1
7.24 1
3.04 0
8.16 1
7.79 1
8.12 1
7.01 1
6.93 1
7.18 1
6.28 1
6.6 1
5.07 0
2.84 0
7.395 1
7.475 1
8.27 1
6.93 1
8.03 1
8.45 1
7.395 1
8.345 1
6.68 1
7.79 1
8.16 1
5.07 0
7.81 1
6.647 1
7.775 1
6.76 1
2.628 0
7.11 1
7.003 1
7.89 1
7 1
6.025 0
6.59 1
7.3 1
2.345 0
7.89 1
7.89 1
8.03 1
6.265 1
7.79 1
7.79 1
5.643 0
8.205 1
7.79 1
7.74 1
7.79 1
7.79 1
5.843 0
7.81 1
4.566 0
7.673 1
3.47 0
7.02 1
2.669 0
4.8 0
8.03 1
7.68 1
6.319 0
7.79 1
0.641 3
8 1
8.03 1
6.65 1
7.44 1
7.995 1
6.46 1
6 1
7.79 1
1.44 0
7.79 1
6.93 1
6.285 0
7.47 1
7.657 1
8.51 1
5.918 0
7.79 1
2.846 0
7.69 1
7.84 1
7.79 1
7.125 1
6.46 1
8.27 1
8.45 1
8.45 1
6.65 1
2.45 0
7.79 1
6.623 1
5.855 1
1.44 0
7.79 1
2.32 0
7 1
7.074 1
7.79 1
5.28 0
7.76 1
8.245 1
5.155 0
4.262 0
7.362 1
7.73 1
0.76 0
5.6 1
8.27 1
2.84 0
6.56 1
6.261 0
8.16 1
7 1
7.872 1
6.11 1
7.59 1
8.27 1
7.79 1
7.357 1
7.79 1
8.03 1
6.548 1
2.84 0
6.68 1
6.76 1
7.43 1
8.015 1
7.79 1
4.68 0
7.79 1
8.12 1
7.41 1
7.024 1
8.16 1
7.375 1
8.21 1
6.96 1
5.68 0
7.79 1
7.97 1
7.79 1
7 1
7 1
6.93 1
7.79 1
8.27 1
5.305 0
6.853 1
7.91 1
8.27 1
8.15 1
7.36 1
6.96 1
7.405 1
7.79 1
8.025 1
8.45 1
8.36 1
7.76 1
7.79 1
7.175 1
1.327 0
7.57 1
7.975 1
7.43 1
6.96 1
7.23 1
5.303 0
7.79 1
6.695 1
7.79 1
6.97 1
7.21 1
7.79 1
8.21 1
1.12 0
6.022 0
6.59 1
8.16 1
6.695 1
7 1
1.48 0
7.947 1
6.93 1
6.965 1
7.43 1
1.82 0
5.703 0
6.492 1
8.27 1
2.92 0
7.52 1
2.39 0
8.03 1
8.15 1
7.79 1
7.81 1
6.942 1
7.265 1
8.27 1
4.775 0
7.97 1
6.165 1
7.81 1
7.79 1
8.16 1
7.19 1
7.84 1
8.27 1
7.79 1
3 0
8.27 1
7.79 1
8.21 1
5.238 0
6.93 1
7.488 1
8.27 1
7.79 1
8.12 1
7.79 1
7.662 1
1.44 0
8.42 1
7.8 1
7.57 1
6.59 1
7.84 1
7.79 1
7.19 1
8.16 1
8.27 1
8.03 1
5.645 0
5.115 0
7.79 1
6.626 1
8.16 1
1.12 0
6.93 1
7.345 1
8.12 1
7.79 1
4.375 0
7.79 1
7 1
6.65 1
6 0
8.45 1
8.03 1
8.03 1
7 1
7.79 1
7.825 1
7.79 1
4.751 0
7.79 1
8.21 1
7.353 1
6.525 1
7.79 1
2.64 0
7.785 1
7.79 1
3.897 0
7.25 1
5.231 0
5.817 0
7 1
7.445 1
6.683 1
1.24 0
6.78 1
6.653 1
6.4 0
7.79 1
6.825 1
6.558 1
5.138 0
8.45 1
6.76 1
7.61 1
7.395 1
2.12 0
8 1
1.29 0
8.27 1
7.56 1
8.27 1
1.47 0
7.72 1
6.348 0
7.79 1
5.285 0
4.923 0
7.594 1
7.527 1
7.79 1
6.553 1
5.95 0
7.79 1
6.815 1
8.27 1
2.54 0
6.735 1
7.1 1
7.92 1
7.71 1
8.16 1
7.79 1
4.303 0
6.54 1
7.76 1
8.45 1
7.79 1
8.21 1
7.81 1
7.605 1
6.705 1
7.79 1
7.79 1
6.518 1
7.79 1
8.12 1
7.425 1
5.098 0
6.36 1
7.79 1
7.287 1
8.07 1
7.07 1
6.93 1
7.79 1
7.07 1
5.782 0
7.347 1
7.76 1
6.65 1
5.02 0
7.3 1
6.35 1
7.274 1
8.12 1
6.28 0
7.775 1
7.74 1
5.84 0
7.79 1
6.11 1
8.27 1
6.12 1
7.975 1
8.16 1
0.76 0
5.88 0
7.92 1
2.84 0
7.395 1
8.21 1
7.09 1
6.59 1
7.717 1
7.79 1
7.663 1
8.27 1
6.95 1
7.395 1
7.79 1
5.897 0
7.386 1
2.04 0
8.16 1
4.333 0
7.823 1
8.16 1
7.79 1
6.59 1
7.371 1
7.79 1
7.635 1
8.45 1
7.79 1
8.03 1
7.55 1
4.705 0
1.12 0
7.41 1
7.433 1
7.81 1
1.347 0
7.3 1
7.295 1
6.93 1
8.01 1
5.77 0
7 1
7.975 1
4.833 0
8.16 1
7.043 1
8.16 1
4.777 0
4.975 0
8.015 1
4.2 0
6.26 0
7.79 1
7.51 1
7.79 1
6.763 1
5.155 0
8.12 1
7.79 1
8.21 1
4.435 0
7.28 1
7 1
7.79 1
7.79 1
7.79 1
3.107 0
4.22 0
7.425 1
3.47 0
8.015 1
7.36 1
4.523 0
6.693 1
7.79 1
7.89 1
7.79 1
7.79 1
8.125 1
8.12 1
5.603 0
4.044 0
4.96 0
7.607 1
5.59 0
7.36 1
3.343 0
4.905 0
7.487 1
7.89 1
7.36 1
7.855 1
6.07 0
7.79 1
6.252 0
7.57 1
6.562 1
7.835 1
7.457 1
6.975 1
7.79 1
5.501 0
7.345 1
7 1
7 1
5.647 0
7 1
5.223 0
6.93 1
7.89 1
4.137 0
7.43 1
7.034 1
7.79 1
7.19 1
6.825 1
7.79 1
6.165 0
8.16 1
6.65 1
6.955 1
8.16 1
7.49 1
6.68 1
7.19 1
5.934 0
7.527 1
5.815 0
6.765 1
6.59 1
5.91 0
7.947 1
7.09 1
7.76 1
8.45 1
7.79 1
1.76 0
7.775 1
6.813 1
7.495 1
2.36 0
7.815 1
5.458 0
7.493 1
2.938 0
7.72 1
6.464 1
6.93 1
8.03 1
5.055 0
7.44 1
7.92 1
8.27 1
3.252 0
8.21 1
5.93 0
7.998 1
7.875 1
8.45 1
8.45 1
4.347 0
2.02 0
6.65 1
7.71 1
1.76 0
4.13 0
4.39 0
5.637 0
6.68 1
6.16 0
2.84 0
5.2 0
7.7 1
6.93 1
7.9 1
7.81 1
6.173 0
5.6 1
7.22 1
7.46 1
7.79 1
6.327 0
8.16 1
5.2 1
7.84 1
5.032 0
5.171 0
7.81 1
6.285 1
7.43 1
8.16 1
8.16 1
8.21 1
1.17 0
7.88 1
5.06 0
6.575 1
7.79 1
1.32 0
7.23 1
2.92 0
8.06 1
7.5 1
8.27 1
6.793 1
7.435 1
8.123 1
6.797 1
2.815 0
7.82 1
8.27 1
7.227 1
7.9 1
7.76 1
7.273 1
8.27 1
6.055 0
8.27 1
8.27 1
8.27 1
7.253 1
2.92 0
1.12 0
7.84 1
8.36 1
7.46 1
3.88 0
7.76 1
5.64 0
7.81 1
6.985 1
7 1
7.395 1
3.88 0
3.88 0
5.745 0
3.88 0
8.27 1
5.385 0
2.385 0
7.215 1
3.47 0
7.775 1
7.065 1
6.315 1
6.605 1
7.677 1
7.79 1
7.36 1
6.65 1
6.547 1
5.76 0
7.84 1
8.01 1
3.36 0
6.977 1
8.21 1
1.24 0
7.485 1
6.65 1
7.79 1
7.28 1
7.168 1
7.93 1
8.21 1
1.12 0
7.105 1
2.36 0
7.79 1
6.547 1
7 1
7.79 1
7 1
1.77 0
8.27 1
4.32 0
7.603 1
8.36 1
7.79 1
7.81 1
6.038 0
7.36 1
8.03 1
6.93 1
1.44 0
6.765 1
8.27 1
7.79 1
7.79 1
5.302 0
1.72 0
7.085 1
7.79 1
8.21 1
8.067 1
7.34 1
7.79 1
5.641 0
4.6 0
8.33 1
7.4 1
8.27 1
7.79 1
7 1
7 1
5.79 0
6.225 0
6.28 1
6.715 1
7.22 1
1.26 0
7.537 1
7.693 1
6.59 1
7.79 1
3.47 0
5.837 0
4.96 0
6.977 1
1.1 0
7.79 1
8.27 1
7.22 1
7.92 1
5.11 0
8.14 1
8.27 1
2.39 0
7.825 1
6.448 1
6.645 1
7.89 1
7.89 1
7.395 1
3.47 0
7.72 1
6.964 1
4.68 0
5.99 0
6.6 1
7.76 1
7.79 1
7.395 1
7.276 1
7.79 1
7 1
8.45 1
6.272 1
7.79 1
7.81 1
7.79 1
1.76 0
8.16 1
7.79 1
7.333 1
6.623 1
8.21 1
7 1
8.006 1
7.79 1
7.56 1
8.27 1
8.27 1
8.08 1
6.93 1
4.6 0
8.12 1
7.513 1
6.082 0
7.185 1
7.22 1
8.21 1
7.28 1
6.94 1
5.477 0
6.6 1
6.42 0
7.14 1
4.876 0
6.65 1
6.345 0
5.233 0
7.59 1
6.11 1
7 1
7.41 1
7.79 1
5.465 0
7.65 1
6.143 0
6.98 1
5.476 0
7.595 1
7.497 1
7.79 1
7.865 1
6.395 1
7.285 1
5.827 0
7.253 1
5.698 0
8.09 1
7.473 1
7 1
6.52 1
7.95 1
6.782 1
7.34 1
1.48 0
6.8 1
7 1
7.422 1
7.22 1
6.887 1
7.79 1
7.282 1
7.147 1
6.705 1
8.03 1
6.012 0
4.31 0
7.723 1
7.488 1
7.637 1
6.6 1
6.65 1
7.503 1
5.305 0
3.248 0
7.55 1
8 1
7.79 1
7.79 1
5.367 0
7.84 1
8.16 1
6.98 1
7.89 1
7.155 1
7.702 1
6.69 1
4.643 0
6.98 1
7.883 1
7.79 1
7.147 1
5.405 0
7.22 1
6.497 1
6.933 1
7.41 1
7.677 1
7.257 1
4.16 0
6.132 0
6.2 0
6.57 1
7.26 1
4.22 0
7.84 1
7.79 1
7.218 1
1.12 0
7 1
7.79 1
6.359 0
6.28 1
5.965 0
6.162 0
8.24 1
7.815 1
6.137 0
5.6 1
6.447 1
6.095 0
1.26 0
7.72 1
7.8 1
7.79 1
6.318 1
7.79 1
8.21 1
7.72 1
7.72 1
7.41 1
7.24 1
5.355 0
7.78 1
8.27 1
7 1
4.183 0
6.265 1
7.79 1
7 1
3.967 0
6.8 1
5.6 1
5.37 0
7.32 1
7.89 1
5.02 0
7.663 1
7.8 1
8.06 1
7.978 1
7.28 1
5.84 0
7.768 1
7.6 1
1.44 0
4.17 0
5.685 0
7.71 1
8.237 1
5.477 0
7.91 1
6.935 1
7.79 1
7.655 1
7.027 1
6.937 1
6.944 1
7.79 1
4.93 0
7.405 1
5.437 0
6.76 1
1.37 0
3.427 0
8.06 1
7.527 1
7.582 1
1.75 0
5.71 0
8.16 1
7.97 1
7.19 1
5.899 0
7.38 1
7.745 1
2.764 0
7.658 1
8.03 1
8.27 1
6.265 0
7.79 1
7.79 1
7.307 1
7.087 1
7.775 1
8.27 1
7.727 1
6.84 1
7.79 1
7.815 1
5.143 0
5.767 0
7.89 1
7.36 1
7.22 1
7.63 1
7.663 1
7.59 1
7.88 1
7.503 1
5.235 0
4.893 0
6.93 1
7.8 1
7.175 1
7.566 1
7.527 1
8.015 1
7.168 1
4.615 0
7.88 1
5.783 0
6.825 1
7.56 1
7 1
5.055 0
6.296 0
2 0
7.84 1
4.355 0
5.44 0
8.45 1
7.79 1
4.975 0
7.855 1
6.134 0
4.113 0
7.72 1
7.81 1
7.015 1
7.79 1
6.3 1
6.8 1
7.92 1
7.79 1
8.143 1
7.13 1
7.89 1
7 1
1.12 0
2.36 0
7.077 1
6.067 0
8.015 1
8.195 1
7.775 1
6.385 1
6.825 1
4.99 0
6.88 1
7 1
8.21 1
3.47 0
8.233 1
7.205 1
7.675 1
8.02 1
7.52 1
7.79 1
7.823 1
5.115 0
4.265 0
6.825 1
4.975 0
6.865 1
7.43 1
2.93 0
7.232 1
4.895 0
4.707 0
5.365 0
3.055 0
7.635 1
6.961 1
8.36 1
6.11 1
4.92 0
7.79 1
7.79 1
6.96 1
5.275 0
7.985 1
8.45 1
6.538 1
7.228 1
8.45 1
7.445 1
7.147 1
7.835 1
7.79 1
1.12 0
8.27 1
7.79 1
6.27 0
5.045 0
7.015 1
6.766 1
6.303 1
6.935 1
6.933 1
6.25 1
7.4 1
7.492 1
7.955 1
6.73 1
7.02 1
7.79 1
6.718 1
8.005 1
8.053 1
5.635 0
7.72 1
6.93 1
8.147 1
6.43 0
5.957 0
7 1
6.2 0
7 1
6.563 1
7.325 1
7.43 1
6.963 1
6.44 1
6.673 1
8.174 1
5.025 0
8.03 1
7.52 1
7.453 1
7.05 1
8.03 1
7 1
7.28 1
5.537 0
8.105 1
6.55 1
8.27 1
4.715 0
7.79 1
6.52 1
3.183 0
7.747 1
6.775 1
7.79 1
7.16 1
7.92 1
7.54 1
7.79 1
4.465 0
7.49 1
7.903 1
5.737 0
5.862 0
3.65 0
4.635 0
6.312 1
8.45 1
8.16 1
7.19 1
7.36 1
8.16 1
7.76 1
6.62 1
7.79 1
6.478 1
6.65 1
7.395 1
2.455 0
6.712 1
3.907 0
8.57 1
5.135 0
7.574 1
6.005 0
6.895 1
7 1
7.79 1
8.253 1
8.305 1
8.233 1
7.6 1
7.533 1
7 1
8.21 1
2.36 0
6.98 1
4.43 0
8.21 1
6.977 1
7.79 1
5.675 0
6.732 1
5.6 1
5.89 0
7.025 1
6.52 1
7.79 1
7.807 1
8.03 1
7.46 1
6.93 1
7.38 1
7.76 1
6.81 1
6.165 1
7.665 1
6.002 0
7.083 1
7.24 1
6.39 1
7.277 1
7.72 1
8.27 1
8.11 1
6.93 1
6.24 1
7.217 1
7.055 1
7.79 1
7.79 1
3.99 0
6.77 1
6.6 1
4.455 0
7.803 1
7.88 1
8.065 1
3.5 0
7.353 1
7.117 1
7.087 1
7 1
6.25 1
1.12 0
4.193 0
6.88 1
2.648 0
4.26 0
6.8 1
4.79 0
7.768 1
7.14 1
7.79 1
7.22 1
8.165 1
7.613 1
7.042 1
6.91 1
7.005 1
7.89 1
5.86 0
6.121 0
8.11 1
8.14 1
7.76 1
6.577 1
6.705 1
7.797 1
2.35 0
6.197 1
7.68 1
7 1
7.97 1
7.79 1
7.4 1
7.79 1
7.005 1
5.357 0
4.57 0
7.03 1
1.32 0
7.392 1
6.887 1
8.27 1
7.373 1
1.57 0
7 1
6.389 0
7.083 1
7.175 1
5.05 0
5.786 0
7.92 1
8.51 1
8.36 1
7.16 1
7.705 1
5.17 0
7.535 1
7.79 1
6.655 1
7.517 1
7.853 1
7.84 1
6.262 0
5.443 0
7.765 1
7.46 1
7.308 1
7.002 1
7.92 1
3.76 0
7.855 1
7.76 1
5.125 0
6.308 0
4.846 0
2.36 0
7.22 1
8.27 1
7.123 1
6.624 1
7.97 1
7.03 1
8.45 1
5.485 0
8.27 1
7.173 1
5.397 0
8.27 1
6.197 0
4.515 0
6.755 1
7.395 1
6.65 1
7.81 1
0.83 0
5.849 0
7.76 1
6.346 0
6.955 1
4.68 0
7.755 1
7 1
5.525 0
1.63 0
7.08 1
7.6 1
8.42 1
6.965 1
7.433 1
5.833 0
7.564 1
6.702 1
6.945 1
8.27 1
3.293 0
7.79 1
7.46 1
8.21 1
6.44 1
7.37 1
8.21 1
4.843 0
1.76 0
4.243 0
6.65 1
8.45 1
7.79 1
7.995 1
7 1
7.064 1
7.25 1
6.65 1
8.12 1
8.12 1
6.536 1
4.74 0
7.79 1
7.486 1
7.113 1
7 1
4.2 0
7.562 1
6.44 1
7.92 1
2.92 0
6.023 0
7.127 1
6.805 1
7.195 1
6.368 0
7.386 1
2.92 0
7.585 1
8.27 1
7.79 1
8.245 1
4.95 0
7.273 1
6.33 1
4.78 0
6.76 1
3.227 0
6.853 1
8.27 1
6.65 1
2.793 0
8.21 1
4.22 0
6.6 1
1.12 0
7.79 1
7.79 1
4.055 0
5.555 0
7.79 1
6.68 1
2.35 0
1.12 0
3.78 0
6.76 1
7.247 1
7.503 1
7.13 1
8.21 1
7.995 1
5.785 0
6.843 1
6.65 1
7 1
0.96 0
7.54 1
6.16 1
8.27 1
7.235 1
7.263 1
4.34 0
6.65 1
8.15 1
1.12 0
8.04 1
6.98 1
7.82 1
7.59 1
5.384 0
7.433 1
4.794 0
8.21 1
8.27 1
7.76 1
4.553 0
7.615 1
4.945 0
7.585 1
7.374 1
8.03 1
6.446 1
7 1
7.676 1
6.637 1
2.2 0
2.887 0
7.983 1
7.14 1
6.975 1
8.017 1
5.64 0
7.95 1
8.27 1
6.555 1
7.59 1
6.9 1
7.485 1
7.493 1
7.6 1
6.533 1
5.987 0
7.927 1
7.325 1
5.596 0
6.973 1
7.672 1
7.395 1
7.647 1
7.56 1
7.79 1
6.81 1
7.76 1
7.28 1
7.143 1
7 1
7.315 1
4.69 0
5.463 0
1.26 0
1.07 0
4.788 0
8.27 1
6.527 1
7.864 1
6.65 1
6.86 1
8.27 1
7.395 1
7.395 1
7.723 1
7.985 1
5.245 0
7.565 1
7.615 1
7.79 1
8.27 1
7.48 1
7.575 1
6.92 1
6.8 1
7.59 1
6.64 1
7.41 1
5.755 0
7.185 1
5.2 1
7.79 1
6.22 0
7 1
6.426 0
7.92 1
3.89 0
3.04 0
6.158 0
6.825 1
7 1
7.343 1
1.12 0
1.5 0
7.465 1
7.013 1
6.96 1
7.79 1
7.89 1
5.355 0
7.36 1
7.79 1
7.345 1
7.46 1
7.79 1
5.831 0
7.472 1
3.623 0
8.12 1
6.56 1
6.637 1
8.05 1
7.55 1
8.03 1
7.46 1
7.57 1
7.26 1
6.553 1
5.595 0
6.785 1
6.96 1
0.96 0
7.65 1
7.32 1
7.668 1
6.86 1
5.63 0
1.63 0
8.105 1
7.543 1
7.72 1
5.356 0
7.41 1
7.57 1
8.08 1
7.79 1
7.79 1
6.1 0
5.569 0
7 1
4.965 0
6.665 1
6.765 1
5.27 0
7.787 1
6.933 1
7.985 1
4.99 0
6.65 1
5.612 0
7.72 1
8.45 1
7.79 1
7.855 1
7.09 1
6.99 1
8.27 1
7.213 1
4.085 0
7.803 1
7.103 1
7.235 1
7.79 1
7 1
4.29 0
7.79 1
6.56 1
3.946 0
7.36 1
7.03 1
6.547 1
7 1
6.535 1
6.743 1
7.57 1
7.39 1
7.405 1
6.139 0
3.47 0
7.79 1
3.136 0
6.96 1
6.59 1
8.015 1
7.57 1
6.965 1
6.96 1
6.498 1
8.117 1
6.21 1
7.47 1
7.79 1
7.72 1
7.355 1
8.225 1
5.815 1
7.79 1
5.645 0
6.267 0
7.84 1
1.08 0
5.908 0
2.77 0
6.93 1
8.45 1
6.65 1
8.12 1
7.38 1
4.85 0
2.92 0
6.65 1
7.498 1
0.83 0
7.79 1
6.79 1
7.195 1
7.473 1
6.158 0
7.22 1
8.41 1
2.92 0
6.737 1
4.828 0
7.22 1
6.11 0
7 1
6.93 1
6.65 1
7.695 1
4.13 0
1.417 0
7.76 1
6.143 0
6.79 1
3.24 0
6.97 1
7.208 1
5.928 0
7.797 1
7.617 1
2.455 0
6.678 1
8.27 1
6.35 1
7.09 1
8.03 1
6.88 1
2.595 0
7.725 1
7.123 1
4.48 0
6.65 1
7.18 1
4.925 0
7.55 1
4.83 0
7.773 1
7.57 1
7.637 1
8.102 1
7.81 1
6.36 1
7.713 1
5.53 0
7.775 1
7.955 1
7.317 1
1.335 0
7.65 1
7.253 1
5.104 0
7.23 1
6.283 0
1.12 0
7.01 1
7.89 1
5.6 1
7.445 1
4.92 0
7.72 1
4.575 0
6.12 1
4.21 0
5.653 0
6.695 1
7.345 1
7.537 1
7.76 1
7.06 1
7.79 1
8.27 1
7.81 1
7.31 1
7.22 1
6.327 0
5.883 0
6.883 1
5.018 0
7.61 1
7.195 1
7.45 1
7.55 1
6.017 0
7.36 1
7.79 1
6.557 1
6.963 1
3.543 0
7.79 1
5.6 1
0.7 0
6.595 1
7.76 1
8.45 1
8.45 1
7.423 1
2.2 0
1.44 0
7.76 1
2 0
8.03 1
7.405 1
7.62 1
8.15 1
7.32 1
7.79 1
6.459 1
4.62 0
6.327 0
6.178 0
6.332 0
7.74 1
5.572 0
7.31 1
6.78 1
7.492 1
7.076 1
8.27 1
8.055 1
4.54 0
7.57 1
7.21 1
8.14 1
6.582 1
7.635 1
8.27 1
7.79 1
7 1
6.8 1
6.825 1
3.833 0
7.65 1
6.965 1
7.3 1
4.225 0
7.457 1
5.7 1
7.79 1
1.76 0
7.635 1
8.085 1
3.78 0
7.76 1
8.36 1
7.995 1
2.92 0
3.087 0
8.27 1
2.25 0
7.37 1
7.08 1
5.325 0
8.215 1
6.656 1
5.6 1
3.165 0
8.03 1
7 1
7.048 1
8.09 1
7 1
7.557 1
7.605 1
7.483 1
7.02 1
7 1
7.272 1
8.185 1
7.51 1
7.482 1
1.68 0
5.74 1
4.26 0
6.41 1
7 1
6.65 1
7.5 1
5.722 0
7 1
6.923 1
7.79 1
7 1
8.27 1
7.453 1
5.2 1
8.45 1
4.62 0
5.212 0
2.84 0
7.3 1
4.727 0
4.825 0
7.97 1
3.975 0
8.07 1
7.79 1
7.79 1
5.34 0
7.242 1
4.84 0
7.79 1
7.497 1
7.515 1
7.79 1
3.62 0
6.586 1
2.135 0
8.14 1
6.908 1
8.045 1
7 1
4.22 0
7.6 1
5.89 0
4.163 0
7.37 1
7 1
7.79 1
7.79 1
6.83 1
7 1
7.045 1
5.597 0
7.865 1
7.395 1
7.087 1
7.57 1
5.39 1
7.255 1
5.315 0
6.93 1
7.38 1
6.76 1
7.865 1
8.185 1
7 1
6.079 0
5.64 1
7.283 1
6.9 1
8.27 1
8.24 1
7.079 1
7.387 1
8.192 1
5.758 0
8.27 1
1.44 0
2.575 0
7.3 1
5.843 0
2.91 0
7.07 1
6.65 1
4.945 0
8.14 1
4.91 0
7.743 1
7.897 1
5.77 0
7.81 1
7.13 1
8.27 1
7.613 1
7.79 1
7.76 1
6.405 1
6.96 1
7.95 1
3.36 0
7.59 1
7.81 1
6.232 0
6.527 1
7.527 1
7.065 1
8.05 1
5.339 0
5.667 0
4.13 0
8.12 1
2 0
7.465 1
7.832 1
8.14 1
7.195 1
6.955 1
6.733 1
7.545 1
7.07 1
7.61 1
7.79 1
7.545 1
8 1
8.015 1
8.36 1
7.02 1
8.27 1
6.967 1
3.876 0
8.16 1
2.46 0
7 1
7.057 1
7.71 1
6.93 1
1.44 0
7.79 1
6.865 1
7.92 1
7.775 1
8.03 1
8.16 1
7.557 1
7.46 1
7.94 1
7.136 1
8.12 1
6.8 1
7.29 1
2.92 0
6.742 1
6.963 1
7.775 1
5.836 0
7.047 1
6.59 1
6.334 0
6.66 1
7.36 1
7.663 1
1.195 0
7.72 1
6.93 1
7.81 1
6.46 1
4.44 0
5.05 0
5.36 0
7.57 1
6.36 1
7.76 1
5.268 0
4.755 0
7.117 1
6.55 1
8.27 1
4.135 0
8.27 1
7.935 1
8.21 1
7.79 1
4.805 0
7.59 1
8.45 1
1.76 0
6.93 1
8.14 1
5.687 0
7.79 1
6.793 1
4.603 0
7.297 1
7.56 1
7.508 1
6.94 1
7.533 1
7.423 1
6.957 1
1.56 0
8.27 1
7.652 1
6.538 1
7.209 1
6.73 1
7.15 1
6.65 1
6.742 1
6.65 1
7.36 1
7.002 1
6.092 0
7.517 1
7.92 1
5.763 0
7.475 1
4.72 0
1.185 0
2.36 0
6.935 1
5.17 0
7.19 1
7.813 1
7.955 1
7.79 1
2.558 0
5.096 0
7.513 1
6.93 1
5.423 0
6.678 1
8.36 1
7.76 1
7.78 1
6.133 0
7.79 1
7.663 1
7.79 1
7.36 1
7.002 1
7.79 1
8.45 1
8.33 1
7.433 1
4.45 0
5.285 0
6.16 0
7.79 1
7.73 1
7.68 1
2.36 0
7.79 1
7.79 1
6.183 0
7.375 1
7.395 1
7.36 1
7.675 1
5.77 0
6.965 1
5.645 0
6.49 1
7.448 1
7.79 1
7.363 1
7.58 1
7.516 1
8.043 1
4.627 0
7.22 1
6.68 1
8.12 1
7.84 1
6.143 0
7.615 1
1.5 0
7.295 1
7.395 1
6.15 0
6.727 1
8.18 1
5.315 0
2.485 0
5.93 0
7.92 1
7.04 1
8.037 1
4.26 0
7.79 1
5.2 0
8.22 1
8.03 1
7.52 1
6.83 1
6.407 1
8.12 1
5.515 0
7.635 1
4.163 0
7.893 1
7.267 1
7.735 1
7.79 1
2.402 0
6.34 0
6.825 1
6.47 1
6.93 1
6.633 1
7 1
7.89 1
8.015 1
5.523 0
7.41 1
7.612 1
7.435 1
6.665 1
7.015 1
8.16 1
5.73 0
8 1
7.273 1
7.85 1
6.795 1
8.03 1
8.27 1
6.94 1
7.91 1
8.03 1
7.61 1
7.485 1
7.58 1
7.636 1
7.864 1
2.18 0
6.513 1
5.002 0
7.635 1
7.84 1
4.728 0
8.21 1
7.85 1
6.167 0
7 1
7.315 1
6.825 1
7 1
7.405 1
8.185 1
5.323 0
7.457 1
5.919 0
6.203 0
7.79 1
2.84 0
7.8 1
7.79 1
8.213 1
7.63 1
6.957 1
7.79 1
5.02 0
8.16 1
5.938 0
6.65 1
3.627 0
6.365 0
7.693 1
7.381 1
2.413 0
8.57 1
4.22 0
7.247 1
7.95 1
7.207 1
6.853 1
7.413 1
1.225 0
8 1
4.017 0
6.59 1
6.93 1
3.943 0
4.8 0
7.965 1
6.882 1
7.51 1
6.612 1
8.27 1
7.22 1
7.18 1
6.713 1
7.22 1
5.352 0
5.2 1
2.92 0
1.635 0
7.995 1
6.65 1
7.89 1
5.723 0
7.157 1
7.285 1
6.457 1
4.855 0
7.307 1
7.992 1
5.851 0
7.813 1
7.923 1
5.26 0
2 0
4.92 0
1.44 0
4.9 0
8.11 1
6.937 1
5.61 0
7.395 1
7.597 1
6.245 0
3.47 0
7.025 1
8.015 1
8.36 1
7.122 1
6.36 1
7.72 1
7.52 1
6.65 1
1.38 0
6.205 0
7.948 1
4.22 0
7.855 1
7.8 1
3.303 0
7.91 1
5.152 0
7.635 1
3.282 0
7.497 1
5.953 0
7.81 1
7.343 1
5.25 0
7.7 1
7.79 1
8.12 1
5.844 0
7.84 1
7.76 1
7.94 1
7.283 1
7.462 1
5.375 0
8.21 1
4.67 0
7.353 1
7.865 1
7.775 1
5.527 0
6.65 1
7.985 1
2.92 0
2.608 0
8.27 1
6.742 1
4.32 0
8.065 1
6.15 1
6.08 0
6.07 0
7.852 1
6.393 0
6.52 1
7.895 1
7.59 1
7.907 1
5.686 0
6.93 1
7.92 1
7.8 1
4.673 0
7.95 1
7.09 1
7.89 1
6.65 1
5.495 0
8.28 1
7.855 1
7.79 1
7.663 1
4.755 0
4.674 0
4.46 0
7.14 1
5.277 0
5.5 0
8.09 1
6.65 1
7.803 1
1.62 0
8.45 1
6.062 0
8.36 1
1.5 0
6.968 1
8.45 1
7.94 1
6.65 1
8.45 1
7.72 1
8.33 1
8.27 1
7.79 1
7.79 1
7.013 1
7.785 1
7.537 1
4.463 0
7.775 1
7.79 1
7.79 1
7.007 1
7.274 1
8.45 1
7.92 1
7.55 1
8.27 1
7.21 1
6.81 1
5.584 0
8.27 1
6.953 1
6.731 1
7.377 1
7.205 1
7.635 1
7.79 1
6.07 1
6.923 1
7.79 1
8.27 1
5.624 0
1.72 0
7.38 1
7.79 1
7.46 1
7.592 1
6.891 1
7.383 1
8.27 1
7.205 1
7.59 1
5.043 0
2.865 0
7.775 1
4.505 0
7.593 1
7.775 1
7.355 1
8.24 1
7.755 1
8.015 1
5.182 0
7 1
7.348 1
7.23 1
7 1
6.205 0
6.942 1
7.72 1
7.71 1
6.935 1
6.043 1
5.2 1
7.1 1
7.79 1
6.338 0
6.12 1
6.975 1
6.108 0
7.403 1
8.21 1
5.317 0
4.315 0
7.79 1
7.92 1
7.605 1
4.474 0
7.22 1
7.79 1
7.985 1
7.03 1
7 1
7.22 1
4.745 0
5.621 0
7 1
7.493 1
2.853 0
7.385 1
6.1 0
7.91 1
7.39 1
5.683 0
5.04 0
4.6 0
7.79 1
4.515 0
6.123 0
7.47 1
7.143 1
7.263 1
6.8 1
8.27 1
6.945 1
7.79 1
7.513 1
7.41 1
7.598 1
7.635 1
7.55 1
4.44 0
3.683 0
7.4 1
6.845 1
5.63 0
7.163 1
7.269 1
6.765 1
1.44 0
7.84 1
6.4 0
4.22 0
8.01 1
7.88 1
1.63 0
7.81 1
7.487 1
6.35 0
1.07 0
7.79 1
6.65 1
4.465 0
4.645 0
8.45 1
7.405 1
5.917 0
7.3 1
5.74 1
5.915 0
6.118 0
7.76 1
2.84 0
6.66 1
4.487 0
6.225 1
4.725 0
1.26 0
7.527 1
4.755 0
7.313 1
7.79 1
7.768 1
6.57 1
6.361 0
5.6 1
6.15 0
3.797 0
6.65 1
2.92 0
8.03 1
6.37 1
5.777 0
2.88 0
7.92 1
7 1
7.79 1
6.96 1
7.473 1
7.46 1
7.833 1
6.99 1
6.93 1
7.76 1
6.282 0
6.855 1
7.837 1
7.22 1
7 1
7.835 1
7.154 1
7.935 1
4.55 0
6.52 1
2.35 0
6.681 1
8.345 1
4.575 0
5.355 0
7.68 1
7.24 1
1.44 0
8.27 1
7.22 1
8.45 1
7.445 1
8.14 1
6.65 1
7.81 1
6.52 1
7.287 1
7.76 1
7.26 1
6.825 1
7.287 1
7.755 1
2.877 0
7.847 1
8.112 1
7.45 1
8.03 1
7.653 1
7.79 1
7.48 1
7.856 1
7.43 1
7.687 1
6.652 1
5.6 1
7.4 1
7.815 1
6.078 0
6.68 1
7.235 1
7.143 1
7.81 1
5.728 0
6.16 1
6.074 0
7.79 1
6.93 1
8.21 1
7.872 1
5.148 0
7.145 1
7.22 1
7.4 1
7.617 1
7.688 1
7.79 1
7.295 1
4.13 0
8.032 1
1.755 0
7.38 1
7 1
5.507 0
7.79 1
8.08 1
7.79 1
7.79 1
7.11 1
6.47 1
4.64 0
6.65 1
7.155 1
7 1
7.005 1
7.76 1
7.066 1
8.21 1
7.585 1
6.7 1
4.49 0
7.173 1
1.67 0
7.54 1
7.475 1
8.27 1
7.59 1
7.437 1
1.07 0
4.645 0
5.415 0
2.675 0
6.944 1
7.985 1
7.343 1
6.94 1
8.01 1
6.433 1
5.355 0
7.79 1
6.36 1
7.38 1
8.03 1
5.093 0
7.3 1
8.16 1
3.64 0
3.94 0
7.79 1
6.65 1
6.19 0
6.56 1
7.865 1
6.3 0
8.21 1
6.44 0
7.63 1
7.267 1
8.016 1
4.738 0
2.84 0
6.845 1
7.71 1
1.12 0
5.655 0
7.173 1
8.12 1
7.115 1
7.147 1
1.63 0
4.06 0
6.92 1
1.535 0
0.84 0
7.41 1
2.36 0
7.76 1
2.92 0
8.16 1
7.22 1
6.965 1
7.383 1
7.03 1
7.79 1
7.7 1
5.787 0
7.335 1
7.79 1
6.935 1
8.27 1
7.59 1
6.65 1
1.63 0
7.527 1
7.57 1
7.76 1
6.65 1
6.402 0
7.93 1
6.609 1
5.093 0
7.46 1
6.918 1
7.92 1
7.25 1
6.27 1
6.35 0
7.127 1
5.982 0
6.19 0
7.675 1
4.755 0
7.95 1
5.829 0
7.267 1
8.21 1
7.453 1
8.45 1
4.985 0
7 1
7.76 1
5.43 0
7.65 1
4.067 0
7.25 1
7 1
8.177 1
3.47 0
7 1
6.76 1
2.557 0
7.3 1
7 1
6.657 1
7.59 1
7.315 1
8.45 1
7.387 1
4.685 0
7 1
7.79 1
4.202 0
7.457 1
7.84 1
7.297 1
7.395 1
7.97 1
6.8 1
8.27 1
7.96 1
7.337 1
2.885 0
6.662 1
7.57 1
5.932 0
2.44 0
8.025 1
7.89 1
8.27 1
7.332 1
3.04 0
7.467 1
7.658 1
6.65 1
7.3 1
7.635 1
7.077 1
3.663 0
7.158 1
7 1
6.87 1
4.98 0
8.08 1
7.713 1
7.855 1
7.812 1
2.19 0
1.76 0
8.27 1
7.617 1
7.81 1
4.44 0
5.737 0
4.36 0
6.96 1
6.65 1
6.96 1
8.15 1
6.5 1
8.45 1
3.562 0
8.27 1
4.485 0
8.09 1
6.43 1
7.775 1
7.89 1
7.79 1
7.09 1
7.575 1
7.655 1
7.015 1
7.277 1
6.318 0
7.79 1
5.74 1
5.9 1
5.984 0
7.43 1
7.047 1
7.76 1
5.437 0
6.665 1
7.227 1
7.885 1
6.283 0
0.83 0
4.84 0
4.25 0
8.57 1
4.819 0
5.53 0
7.393 1
7.387 1
5.46 0
6.087 0
7.923 1
6.65 1
7.395 1
8.015 1
6.656 1
7.79 1
7.255 1
6.49 1
4.973 0
7.505 1
1.17 0
7.285 1
8.27 1
7.79 1
7.79 1
8.07 1
6.55 1
6.11 1
1.12 0
6.285 1
7.79 1
7 1
6.79 1
6.327 0
3.23 0
8.27 1
7.265 1
7.395 1
8.005 1
6.582 1
1.17 0
4.73 0
7.22 1
7.79 1
8.055 1
6.65 1
6.87 1
8.03 1
2.855 0
7.595 1
0.76 0
7.308 1
7.073 1
6.993 1
3.533 0
7.79 1
4.64 0
6.745 1
7.59 1
2.247 0
6.743 1
6.905 1
8.015 1
4.15 0
6.65 1
7.51 1
6.715 1
8.27 1
3.138 0
7.2 1
6.79 1
2.52 0
7.768 1
5.409 0
8.24 1
7.76 1
5.907 0
7.653 1
0.74 0
8.27 1
8.27 1
7.137 1
4.21 0
7.79 1
4.467 0
5.986 0
5.67 1
7.487 1
6.93 1
8.57 1
8.27 1
7.952 1
7.431 1
1.48 0
8.12 1
4.584 0
6.88 1
7.395 1
4.72 0
6.93 1
5.787 0
8.07 1
7.25 1
6.137 0
1.72 0
6.657 1
7.724 1
7.765 1
7.07 1
7.01 1
7.525 1
7.205 1
7.79 1
5.324 0
5.525 0
6.077 0
7.72 1
7.06 1
8.27 1
7.305 1
7.84 1
7.587 1
6.825 1
5.715 0
7.79 1
7.36 1
7.315 1
6.62 1
8.27 1
8.36 1
7.71 1
7.08 1
7.64 1
6.55 1
6.95 1
7.185 1
6.295 0
7.03 1
7.042 1
6.097 0
7.005 1
6.557 1
8 1
5.355 0
6.676 1
8.03 1
7.94 1
7.036 1
8.075 1
5.614 0
7.033 1
8.04 1
7.362 1
6.32 1
6.316 0
6.72 1
7.52 1
7.564 1
8.27 1
5.356 0
7.537 1
4.992 0
7.65 1
4.487 0
7.138 1
3.948 0
8.12 1
8.45 1
7.3 1
6.56 1
7.19 1
7.79 1
4.54 0
6.59 1
4.62 0
7.16 1
6.11 1
4.06 0
8.14 1
7.222 1
6.53 1
6.226 0
8.293 1
6.62 1
3.195 0
7.225 1
7.76 1
8.083 1
4.185 0
6.41 1
4.665 0
5.357 0
7.137 1
5.868 0
1.62 0
6.82 1
8.27 1
7.435 1
7 1
7.92 1
7.08 1
7.072 1
7.395 1
4.13 0
6.454 1
7.79 1
7.114 1
7.793 1
6.7 1
6.595 1
6.78 1
6.259 0
0.7 0
3.893 0
7.707 1
7.76 1
7.89 1
5.04 0
4.093 0
3.375 0
8.24 1
6.805 1
6.59 1
7.79 1
6.3 1
8.075 1
4.71 0
1.04 0
3.47 0
1.44 0
1.52 0
8.45 1
8.27 1
6.65 1
5.77 0
7.517 1
5.085 0
7.26 1
7.79 1
5.595 0
7.03 1
5.303 0
6.686 1
8.36 1
5.435 0
6.76 1
6.405 1
7.79 1
4.37 0
7.217 1
7.144 1
7.17 1
3.31 0
6.44 0
7.015 1
7.61 1
4.375 0
7.72 1
6.8 1
6.327 0
7.34 1
7.79 1
7.79 1
6.62 1
8.36 1
7.855 1
7.56 1
7.227 1
6.208 0
4.92 0
7.213 1
6.545 1
6.518 1
6.317 0
7.42 1
6.902 1
1.44 0
5.118 0
4.835 0
3.387 0
7.6 1
5.697 0
7.22 1
6.807 1
6.443 1
7.57 1
7.325 1
7.78 1
7.45 1
7.28 1
7.22 1
6.16 1
4.62 0
8.12 1
6.65 1
7.628 1
7.307 1
7.417 1
7.737 1
2.92 0
7.757 1
7.3 1
7.573 1
6.735 1
2.54 0
8.25 1
4.035 0
6.61 1
6.165 1
6.6 1
7.865 1
7.83 1
7.947 1
2.34 0
6.615 1
7.57 1
6.312 0
4.755 0
6.316 0
5.92 0
7.547 1
7.772 1
7.59 1
1.375 0
7.755 1
4.945 0
7.46 1
5.74 1
5.497 0
7.21 1
7.103 1
5.505 0
7.155 1
8.22 1
7.27 1
4.344 0
7.395 1
4.22 0
5.6 1
7.79 1
7.43 1
5.58 0
6.937 1
8.45 1
8.27 1
6.65 1
2.92 0
1.76 0
7.057 1
7.79 1
7.865 1
6.934 1
7.79 1
7.95 1
7.425 1
7.898 1
7.855 1
6.943 1
7.225 1
4.903 0
7.415 1
7.52 1
7 1
5.62 0
7.547 1
7.23 1
8.195 1
3.485 0
7.22 1
8.16 1
7.79 1
3.203 0
7.366 1
7.48 1
7.76 1
6.27 0
7.143 1
7.14 1
4.96 0
7.254 1
4.72 0
7.92 1
7.57 1
7.78 1
7.81 1
7.79 1
7.757 1
8.21 1
7.03 1
7.45 1
3.81 0
6.76 1
1.44 0
7.4 1
7 1
7.503 1
6.625 1
6.68 1
7.39 1
6.907 1
7.025 1
5.942 0
6.733 1
6.74 1
7.79 1
7 1
7.115 1
7.79 1
1.26 0
7.76 1
5.126 0
6.087 0
7.667 1
8.11 1
1.32 0
7.345 1
8.27 1
7.395 1
7.395 1
5.153 0
1.44 0
8.12 1
7.71 1
5.622 0
5.492 0
1.44 0
6.963 1
6.11 1
5.953 0
7.35 1
7.79 1
7.2 1
7.825 1
7.68 1
7.537 1
5.6 1
7.14 1
7.56 1
7.775 1
7.22 1
8.27 1
3.987 0
5.077 0
7.109 1
5.595 0
7.59 1
4.963 0
7.41 1
6.537 1
6.59 1
0.98 0
8.21 1
6.265 1
7.063 1
7 1
6.68 1
8.45 1
5.573 0
6.945 1
5.417 0
3.94 0
4.875 0
5.313 0
4.98 0
4.223 0
7.3 1
7.265 1
1.44 0
7.003 1
6.21 0
7.843 1
7.6 1
4.862 0
6.593 1
8.03 1
8.03 1
6.977 1
4.87 0
4.885 0
6.617 1
6.57 1
3.884 0
4.563 0
7.17 1
7.566 1
7.545 1
5.543 0
7.52 1
7.57 1
7.015 1
6.64 1
8.21 1
7.417 1
7.297 1
7.617 1
7.79 1
5.902 0
5.729 0
7.445 1
2.34 0
7 1
6.933 1
7.59 1
7.226 1
7.79 1
7.855 1
6.64 1
6.14 1
7.408 1
7.197 1
8.23 1
4.756 0
7.32 1
3.922 0
5.36 0
4.635 0
2.707 0
7.635 1
7.445 1
7.84 1
4.78 0
7.79 1
5.082 0
7.643 1
7.383 1
7.646 1
7.157 1
4.48 0
7.46 1
3.885 0
7.282 1
6.026 0
6.867 1
7.62 1
7.186 1
7.367 1
7 1
3.47 0
6.963 1
7 1
2.52 0
5.897 0
7 1
7 1
3.832 0
8.17 1
7.79 1
6.788 1
7.2 1
7.62 1
4.332 0
7.184 1
7.81 1
7.36 1
4.565 0
7.21 1
5.317 0
7.738 1
4.025 0
7.92 1
5.47 0
7.454 1
6.887 1
5.823 0
8.27 1
7.755 1
8.21 1
6.895 1
5.417 0
7.687 1
7.635 1
5.515 0
4.66 0
7.68 1
8.11 1
2.94 0
6.93 1
6.28 1
3.81 0
7 1
5.452 0
7.76 1
5.782 0
7.69 1
7.08 1
7.79 1
7.935 1
7.79 1
6.885 1
5.846 0
2.44 0
7.067 1
8.14 1
6.57 1
7 1
6.512 1
4.47 0
7.22 1
5.083 0
2.92 0
7.46 1
7.555 1
7.208 1
7.245 1
6.962 1
7.92 1
8.195 1
5.892 0
7.815 1
7.36 1
7.79 1
6.869 1
7.425 1
7.02 1
2.92 0
7.79 1
6.456 1
6.93 1
6.385 1
5.64 1
7.673 1
6.773 1
7.38 1
3.725 0
2.84 0
7.72 1
3.643 0
7.295 1
7.027 1
6.9 1
6.92 1
7.79 1
7.55 1
6.206 0
6.76 1
4.957 0
7.43 1
7.353 1
5.945 0
7.55 1
7.81 1
5.1 0
4.27 0
6.66 1
7.395 1
5.655 0
6.65 1
5.075 0
7.76 1
1.047 6
7.062 1
6.587 1
5.413 0
5.437 0
5.647 0
6.145 1
7.28 1
5.315 0
6.278 0
6.96 1
7.623 1
7.832 1
8.45 1
7.135 1
7.3 1
7.448 1
3.665 0
5.91 0
7.395 1
6.802 1
8.27 1
7.76 1
8.27 1
8.03 1
7.053 1
4.343 0
8.12 1
7.633 1
7.513 1
7.29 1
8.27 1
7.92 1
3.667 0
7.78 1
7 1
7.033 1
2 0
7.44 1
3.303 0
5.925 1
7.18 1
7.446 1
5.603 0
6.95 1
7.79 1
7 1
7.605 1
7.22 1
7 1
7.84 1
4.1 0
8.03 1
6.477 1
8.27 1
7.06 1
5.066 0
4.477 0
5.44 0
7.827 1
5.497 0
4.486 0
7.79 1
7.263 1
2.037 0
6.973 1
7.79 1
5.875 0
7.377 1
6.965 1
7.063 1
7.685 1
6.36 1
7.244 1
7.175 1
2.3 0
7.91 1
6.65 1
8.08 1
6.483 1
7.84 1
7.79 1
6.93 1
6.93 1
7 1
6.927 1
2.84 0
7.663 1
7.38 1
6.584 1
6.93 1
7.34 1
8.27 1
4.695 0
7.76 1
7.337 1
4.093 0
7.687 1
7.79 1
5.597 0
7.527 1
7.027 1
7.79 1
5.815 0
6.65 1
7.85 1
5.297 0
8.06 1
5.705 0
7.453 1
5.55 0
7.445 1
7.496 1
7.575 1
8.313 1
7.087 1
6.16 1
5.2 1
6.65 1
5.22 0
7.79 1
7.81 1
8.12 1
5.577 0
7 1
6.54 1
5.64 1
7.5 1
6.65 1
7.263 1
5.524 0
7.407 1
6.7 1
3.503 0
6.715 1
7.22 1
7.545 1
7.69 1
6.52 1
7.92 1
7.795 1
7.6 1
8.45 1
6.763 1
2.92 0
7.79 1
5.549 0
7.553 1
7.79 1
4.117 0
7.077 1
1.76 0
1.44 0
7 1
6.64 1
7.72 1
8.195 1
7.975 1
7.79 1
6.327 0
6.98 1
8.27 1
6.68 1
7.79 1
6.75 1
5.262 0
6.47 1
7.29 1
7 1
3.69 0
8.1 1
8.12 1
7.39 1
7.937 1
4.855 0
7 1
7.69 1
7.72 1
8.36 1
7.395 1
6.96 1
7.36 1
7 1
7.497 1
7.855 1
7.46 1
8.05 1
7.79 1
6.7 1
7.76 1
5.837 0
7.875 1
5.703 0
8.17 1
8.27 1
7.79 1
7.79 1
4.832 0
6.106 0
7.55 1
7.405 1
6.595 1
7.103 1
8.09 1
7.005 1
4.734 0
1.63 0
5.575 0
4.78 0
7.89 1
5.163 0
7.92 1
4.97 1
7.105 1
7.89 1
7.79 1
5.517 0
7 1
8.03 1
8.27 1
6.99 1
2.2 0
2.92 0
7.76 1
6.935 1
7.79 1
7.24 1
6.759 1
7.183 1
7 1
7.84 1
7.853 1
7.365 1
5.37 0
7.157 1
8.45 1
5.797 0
4.05 0
7.345 1
7.175 1
8.12 1
8.27 1
7.89 1
7.15 1
6.688 1
6.957 1
6.093 0
7.7 1
7.81 1
6.94 1
6.75 1
8.36 1
6.35 1
6.41 1
8.36 1
6.695 1
7.72 1
5.605 0
7.89 1
5.2 0
7.413 1
4.71 0
1.56 0
6.314 0
6.337 0
6.96 1
7.636 1
7.76 1
7.79 1
7.205 1
7.63 1
2.92 0
5.465 0
7.76 1
8.12 1
6.97 1
6.93 1
5.413 0
1.96 0
7.395 1
7.635 1
4.42 0
7.86 1
7.89 1
6.93 1
1.24 0
7.557 1
8.03 1
0.368 2
8.27 1
1.19 0
7.42 1
7.67 1
7.275 1
6.247 0
6.701 1
7.785 1
6.16 1
6.94 1
5.812 0
7.415 1
7.76 1
8 1
6.702 1
7.373 1
8.037 1
7.92 1
8.57 1
6.72 1
8.45 1
8.27 1
6.93 1
2.55 0
8.217 1
7.79 1
7.79 1
8.21 1
7.79 1
5.264 0
7.84 1
7.243 1
7.873 1
7.72 1
7.79 1
7.45 1
1.52 0
8.36 1
3.22 0
8.27 1
5.157 0
7.955 1
6.696 1
4.825 0
8.305 1
4.463 0
7.333 1
7.76 1
7.257 1
5.837 0
7.94 1
8.185 1
7 1
6.193 0
7.1 1
7.827 1
8.114 1
8.27 1
7.59 1
4.466 0
7.76 1
7.832 1
7.22 1
7.808 1
5.515 0
7.22 1
6.93 1
8.14 1
7.527 1
6.902 1
7.36 1
6.545 1
6.406 0
7.242 1
2.93 0
7.505 1
7 1
6.869 1
7.46 1
8.015 1
3.53 0
7.027 1
7.493 1
3.96 0
6.68 1
3.161 0
8.11 1
2.64 0
7.285 1
7.79 1
7.453 1
4.92 0
6.11 1
8.36 1
7 1
6.85 1
7.79 1
7.68 1
8.14 1
7.46 1
5.628 0
7.86 1
8.27 1
6.02 0
5.93 0
7.773 1
7.233 1
4.123 0
7.7 1
6.765 1
7.354 1
6.65 1
1.145 0
7.94 1
3.35 0
3.898 0
7.79 1
4.175 0
8.21 1
5.387 0
6.595 1
7.635 1
7.896 1
8.03 1
7.28 1
7.76 1
6.9 1
7.79 1
7.31 1
7.5 1
7.09 1
6.597 1
7.33 1
7.527 1
7.56 1
3.04 0
7 1
4.1 0
6.644 1
7.582 1
7.72 1
6.96 1
4.52 0
7.52 1
7.817 1
7.59 1
7.195 1
7.84 1
4.745 0
7.76 1
6.727 1
1.63 0
8.21 1
6.99 1
4.188 0
5.224 0
6.218 0
4.96 0
8.27 1
7.488 1
1.5 0
8.03 1
7.855 1
7 1
7.775 1
7.79 1
6.493 1
7.205 1
7.79 1
7.79 1
7.77 1
6.825 1
1.8 0
7.59 1
6.96 1
8.12 1
7.775 1
6.265 1
7.03 1
7.802 1
7.485 1
2.68 0
7.42 1
7.615 1
7.373 1
6.012 0
6.777 1
6.71 1
6.727 1
7.84 1
5.883 0
8.195 1
5.8 0
7.9 1
8.27 1
2.11 0
1.425 0
7.36 1
7.19 1
7 1
7.84 1
8.27 1
7.252 1
6.765 1
4.618 0
6.52 1
6.95 1
6.765 1
7.19 1
8.015 1
7.947 1
7.062 1
3.867 0
7.8 1
5.35 0
5.593 0
2.16 0
5.49 0
5.48 0
7.267 1
2.54 0
7.36 1
7.228 1
7.78 1
7.28 1
7.537 1
1.995 0
8.16 1
7.79 1
7.214 1
7.717 1
6.71 1
7.294 1
0.54 0
8.36 1
6.95 1
7.247 1
7.97 1
6.656 1
7.79 1
7.175 1
6.18 0
7.803 1
8.12 1
6.747 1
7.072 1
8.27 1
5.215 0
7.687 1
6.3 1
8.167 1
6.73 1
7.79 1
5.647 0
7.975 1
7.156 1
7.27 1
7.223 1
6.835 1
6.735 1
7.558 1
8.21 1
3.756 0
7.845 1
7.663 1
6.624 1
8.12 1
7.94 1
3.405 0
7.153 1
7.2 1
3.45 0
7.76 1
6.303 1
6.16 1
7.01 1
8.195 1
6.02 0
7.34 1
7.24 1
6.904 1
8.015 1
7.59 1
7.747 1
8.085 1
4.91 0
7.98 1
7.84 1
8.12 1
8.13 1
7.89 1
5.994 0
7.81 1
6.695 1
7.451 1
7.73 1
6.07 1
8.45 1
8.27 1
2.787 0
2.75 0
6.11 1
3.978 0
7.9 1
3.587 0
8.03 1
7.59 1
7.62 1
2.93 0
7.067 1
5.88 0
6.965 1
7.755 1
5.64 0
7 1
7 1
4.52 0
6.8 1
8.03 1
6.547 1
7.4 1
7.64 1
7.43 1
7.328 1
1.985 0
7.835 1
1.415 0
8.075 1
7.79 1
6.242 0
6.915 1
7.375 1
7.554 1
1.94 0
7.06 1
2.93 0
2.04 0
7.567 1
4.19 0
7.02 1
2.61 0
7.52 1
6.93 1
7.808 1
7.79 1
7.95 1
4.257 0
6.158 0
5.52 0
7.73 1
7.787 1
8.03 1
8.277 1
1.07 0
8.27 1
7.79 1
6.38 1
5.84 0
6.853 1
7.487 1
7.405 1
5.73 0
5.2 1
6.6 1
5.495 0
7.88 1
6.803 1
1.72 0
7.38 1
4.8 0
5.44 0
5.487 0
7.89 1
7.353 1
6.326 0
1.56 0
5.902 0
1.365 0
5.561 0
6.93 1
7.577 1
5.685 0
7.063 1
7.79 1
8.27 1
8.45 1
5.39 0
7.468 1
3.084 0
6.213 1
7.343 1
5.33 1
6.6 1
7.365 1
2.17 0
6.16 0
7.957 1
8.18 1
7.473 1
7.46 1
6.886 1
8.04 1
2.865 0
5.63 0
7.145 1
4.87 0
7.473 1
3.657 0
6.596 1
8.21 1
7.395 1
3.44 0
6.535 1
4.375 0
5.827 0
6.127 0
4.855 0
5.128 0
7.713 1
6.9 1
6.438 0
7.437 1
6.213 0
8.09 1
7.445 1
1.26 0
6.498 1
1.89 0
6.68 1
8.12 1
6.152 0
7.613 1
2.92 0
2.937 0
3.47 0
6.233 0
7.556 1
4.515 0
4.76 0
2.92 0
5.57 0
5.033 0
7.57 1
4.873 0
7.607 1
5.115 0
5.54 0
5.257 0
7.25 1
7.802 1
7.92 1
6.24 1
5.052 0
7.625 1
7 1
6.451 1
6.165 1
5.428 0
5.734 0
7.055 1
6.54 1
6.275 0
8.03 1
2.483 0
4.77 0
3.69 0
2.44 0
3.825 0
6.902 1
7.775 1
5.597 0
6.818 1
6.91 1
6.078 0
6.36 1
5.198 0
7.734 1
6.19 0
6.877 1
6.95 1
2.755 0
6.6 1
3.066 0
4.575 0
5.312 0
7.635 1
7.3 1
5.656 0
4.17 0
4.335 0
7.673 1
4.572 0
6.56 1
7.62 1
1.69 0
6.146 0
7.84 1
2.163 0
8.195 1
3.038 0
5.56 0
4.412 0
7.113 1
7.087 1
6.42 0
8.45 1
7.647 1
7.625 1
7.635 1
8.11 1
5.901 0
7.03 1
6.93 1
7.388 1
2.922 0
2.803 0
7 1
7 1
7.478 1
7.35 1
7.395 1
2.18 0
4.525 0
7.617 1
6.705 1
7.745 1
8.04 1
7.57 1
7.627 1
7.257 1
7.19 1
7.927 1
6.39 1
8.45 1
7.098 1
7.56 1
5.21 0
6.08 0
4.63 0
7.131 1
6.87 1
2.11 0
2.93 0
6.965 1
5.489 0
6.265 1
7.516 1
4.684 0
6.54 1
8.105 1
6.881 1
1.59 0
7 1
1.412 0
6.79 1
7.4 1
7.36 1
5.2 1
7.103 1
4.885 0
7.537 1
4.018 0
6.814 1
5.19 0
7.392 1
2.546 0
2.92 0
6.972 1
8.03 1
7.395 1
7.542 1
6.38 1
8.27 1
8.36 1
5.369 0
6.765 1
6.29 0
8.075 1
7.025 1
4.745 0
5.503 0
7.183 1
6.277 0
7.253 1
6.185 1
5.275 0
5.695 0
6.651 1
5.92 0
5.706 0
8.27 1
6.65 1
6.13 0
7.077 1
8.07 1
5.655 0
5.103 0
5.903 0
1.93 0
8.27 1
7.81 1
7.76 1
1.667 0
5.61 0
7.955 1
5.6 0
7.223 1
6.96 1
3.59 0
6.52 1
7 1
7.493 1
7.677 1
6.12 1
6.376 0
4.68 0
7.17 1
7.46 1
7.89 1
6.817 1
3.02 0
8.36 1
6.17 0
7.103 1
7.79 1
7.955 1
7.227 1
5.327 0
7.646 1
7.14 1
5.453 0
4.945 0
6.32 0
8.03 1
2.92 0
5.703 0
4.165 0
7.474 1
6.63 1
6.529 1
7.702 1
5.698 0
7.492 1
6.11 1
6.065 1
7.723 1
8.16 1
2.88 0
7.995 1
7 1
8.055 1
6.026 0
2.195 0
6.237 0
5.298 0
1.812 0
7.79 1
5.67 0
2.84 0
7.066 1
7.235 1
1.56 0
6.416 0
6.162 0
1.72 0
3.763 0
5.432 0
7 1
5.96 0
3.902 0
3.363 0
7.395 1
2.773 0
6.683 1
5.533 0
6.965 1
5.416 0
1.49 0
7.438 1
4.615 0
5.904 0
3.655 0
7.162 1
4.11 0
4.72 0
4.36 0
3.79 0
7.425 1
7.95 1
5.107 0
7.435 1
7.427 1
5.278 0
5.72 0
5.355 0
6.59 1
3.44 0
6.12 1
1.395 0
7.728 1
5.914 0
7.895 1
4.56 0
6.6 1
7.975 1
1.63 0
7.67 1
6.273 0
6.44 0
5.06 0
7.79 1
1.43 0
5.543 0
7.25 1
6.52 1
7.263 1
7.544 1
6.498 1
7.08 1
6.014 0
4.216 0
7.79 1
7.685 1
6.572 1
7 1
4.74 0
5.608 0
6.155 0
6.695 1
6.76 1
0.84 0
6.847 1
7.32 1
7.448 1
8.27 1
5.55 0
7.965 1
6.916 1
3.865 0
7 1
7.79 1
7.89 1
7.92 1
5.975 0
4.085 0
6.147 0
7.76 1
5.85 0
7.03 1
2.54 0
6.237 0
6.322 0
5.557 0
7.397 1
7.945 1
7.548 1
1.44 0
4.31 0
5.268 0
4.475 0
7.36 1
5.343 0
6.334 0
7 1
5.448 0
6.44 0
7.045 1
1.12 0
3.624 0
6.52 1
7.987 1
8.27 1
7.76 1
6.4 0
6.462 1
6.132 0
4.827 0
5.22 0
5.285 0
7.705 1
6.947 1
4.335 0
2.92 0
7.76 1
8.015 1
6.472 1
6.442 0
7.16 1
8.21 1
7.59 1
2.17 0
6.83 1
6.55 1
4.343 0
7.995 1
8.16 1
6.252 0
0.93 0
5.903 0
7.91 1
3.633 0
6.73 1
7.79 1
6.014 0
6.3 1
1.56 0
5.858 0
7.79 1
6.575 1
7.093 1
2.53 0
6.96 1
6.33 1
7.38 1
5.964 0
5.07 0
7.016 1
8.16 1
6.293 0
3.423 0
7.72 1
3.19 0
7.2 1
7.005 1
7.093 1
4.28 0
0.7 0
6.573 1
7.52 1
6.41 1
7.47 1
7.057 1
7.03 1
7.492 1
7.45 1
5.158 0
6.747 1
8.27 1
4.133 0
6.49 1
7.44 1
2.97 0
6.805 1
7.865 1
1.44 0
6.833 1
6.022 0
6.52 1
7.76 1
8.12 1
7.071 1
5.197 0
5.11 0
6.473 1
5.86 0
6.875 1
5.34 0
7.05 1
5.998 0
1.94 0
6.215 0
7.54 1
4.65 0
7.525 1
7.725 1
7 1
7.88 1
7.855 1
4.855 0
7.256 1
6.7 1
1.525 0
6.685 1
8.27 1
6.97 1
4.13 0
7.553 1
7.36 1
5.96 0
5.881 0
6.97 1
7.79 1
7.386 1
6.935 1
6.74 1
6.59 1
7.365 1
7.605 1
8.27 1
7.435 1
8.17 1
4.674 0
2.84 0
7.57 1
4.824 0
6.93 1
1.44 0
7.17 1
5.647 0
6.748 1
7.248 1
2.04 0
7.79 1
4.778 0
4.755 0
6.596 1
6.59 1
6.637 1
6.06 0
5.025 0
6.426 0
4.882 0
7.59 1
5.077 0
8.27 1
6.059 0
7.483 1
5.613 0
7.233 1
7.308 1
7.553 1
6.573 1
7.454 1
6.12 1
5.12 0
7.84 1
1.98 0
3.645 0
6.55 1
5.075 0
2.39 0
6.678 1
7.66 1
6.998 1
3.775 0
7.603 1
5.545 0
6.539 1
6.487 1
6.387 0
7.524 1
6.787 1
3.767 0
7.313 1
7.36 1
6.542 1
6.65 1
7.92 1
1.63 0
6.862 1
7.225 1
6.017 0
6.501 1
7 1
7.055 1
4.26 0
6.65 1
7.063 1
6.93 1
1.613 0
7.497 1
7.275 1
7.545 1
7.68 1
5.598 0
7.732 1
5.5 0
6.65 1
6.759 1
5.543 0
6.938 1
5.83 0
6.823 1
8.033 1
7.74 1
7.657 1
2.81 0
4.822 0
6.675 1
2.272 0
7.195 1
7.46 1
5.773 0
1.5 0
7.493 1
7.375 1
8.16 1
7.78 1
6.855 1
6.548 1
3.26 0
2.675 0
7.89 1
7 1
1.24 0
5.113 0
7.015 1
6.728 1
7.887 1
7.7 1
5.74 1
7.287 1
5.202 0
3.117 0
5.595 0
7.847 1
6.397 0
8.23 1
7.92 1
4.78 0
6.375 1
2.29 0
6.668 1
4.163 0
7.27 1
6.773 1
6.53 1
5.688 0
7.79 1
7.27 1
5.698 0
4.925 0
7.845 1
7.79 1
7.71 1
7.71 1
7.888 1
3.603 0
5.022 0
7.15 1
6.042 0
7.713 1
6.457 1
7.503 1
1.89 0
8.09 1
6.925 1
6.752 1
7.81 1
5.15 0
7.56 1
6.65 1
7.775 1
7.53 1
7.393 1
5.675 0
6.867 1
6.377 0
8.21 1
7.43 1
5.93 0
6.93 1
5.855 1
7.79 1
7.535 1
5.913 0
7.69 1
5.893 0
7.229 1
6.21 0
7.27 1
4.105 0
6.494 1
6.805 1
8.055 1
7.36 1
6.96 1
6.146 0
1.44 0
7.345 1
3.588 0
7.756 1
7.378 1
4.633 0
7.21 1
8.03 1
5.48 0
4.77 0
7.085 1
7.79 1
1.685 0
6.078 0
6.63 1
7.94 1
7.56 1
4.44 0
7.79 1
6.835 1
6.747 1
7.79 1
6.903 1
5.813 0
1.52 0
4.941 0
6.42 1
7.89 1
5.752 0
7 1
6.173 0
7.079 1
5.755 0
7.052 1
6.795 1
4.585 0
5.625 0
3.478 0
6.305 0
7.093 1
7.115 1
7.232 1
6.957 1
5.003 0
7.76 1
8.03 1
8.21 1
7.093 1
5.218 0
6.96 1
7.79 1
6.172 0
8.055 1
4.52 0
7.82 1
6.26 0
7.557 1
7.59 1
6.695 1
7.797 1
6.56 1
7.76 1
5.638 0
3.773 0
6.49 1
6.407 1
7.533 1
5.985 0
4.505 0
7.51 1
5.326 0
5.814 0
1.32 0
6.93 1
7.89 1
6.483 1
4.565 0
7.757 1
3.04 0
7.667 1
6.115 1
6.783 1
5.797 0
5.72 0
6.84 1
6.4 0
7.23 1
8.45 1
5.98 0
6.02 0
6.837 1
5.045 0
5.04 1
5.314 0
1.44 0
7.725 1
7.305 1
7.932 1
6.105 0
7.76 1
7.97 1
8.27 1
7.51 1
5.155 0
1.44 0
8.015 1
7.79 1
6.988 1
5.422 0
7.46 1
4.905 0
5.87 0
6.698 1
5.293 0
7.692 1
7.474 1
6.92 1
4.455 0
7.22 1
6.59 1
2.835 0
5.53 0
4.38 0
5.94 0
6.67 1
7.29 1
7.607 1
4.327 0
7.827 1
2.84 0
7.406 1
5.022 0
8.097 1
7.405 1
7.97 1
4.63 0
2.195 0
3.49 0
7 1
6.75 1
3.143 0
7.65 1
5.107 0
7.38 1
4.54 0
7.4 1
7.08 1
7.723 1
7.79 1
5.931 0
7.643 1
4.355 0
5.498 0
6.765 1
6.919 1
5.36 0
8.21 1
7.34 1
7.285 1
4.96 0
7.03 1
7.615 1
7.79 1
4.675 0
8.45 1
7.79 1
5.72 0
3.71 0
7 1
7.685 1
1.3 0
7.92 1
7.585 1
5.837 0
6.56 1
5.12 0
5.395 0
6.637 1
5.327 0
8.08 1
7.79 1
7.186 1
7.737 1
6.6 1
8 1
8.21 1
7.3 1
7.835 1
6.68 1
7.52 1
7.02 1
8 1
5.14 0
4.782 0
6.385 1
7.861 1
6.138 0
5.215 0
7.36 1
7.275 1
7.486 1
7.702 1
5.407 0
7.127 1
7.21 1
4.06 0
4.783 0
1.58 0
8.27 1
1.67 0
5.086 0
3.722 0
5.133 0
1.64 0
7.19 1
6.567 1
7.626 1
7.74 1
7.377 1
7.613 1
4.13 0
6.906 1
5.925 1
5.429 0
6.91 1
4.56 0
3.47 0
7.723 1
7 1
5.404 0
1.56 0
5.67 0
7.065 1
5.365 0
4.235 0
7.662 1
6.78 1
1.947 0
6.194 0
1.76 0
4.653 0
4.48 0
7.723 1
6.453 1
5.435 0
3.915 0
7.45 1
7.433 1
4.19 0
6.65 1
6.324 0
7.38 1
8.105 1
6.48 1
6.292 0
4.13 0
3.858 0
6.993 1
6.505 1
6.992 1
7.663 1
6.978 1
7.737 1
6.68 1
7.262 1
7.765 1
8.27 1
7.89 1
5.67 0
6.103 0
6.6 1
6.555 1
4.518 0
7.907 1
1.12 0
7.79 1
5.345 0
7.747 1
5.755 0
7.38 1
6.334 0
6.786 1
7.04 1
7.867 1
5.69 0
7.532 1
1.72 0
7.72 1
8.027 1
7.537 1
7.083 1
5.945 0
7.39 1
4.665 0
5.652 0
4.32 0
6.899 1
7.112 1
3.597 0
4.78 0
7.34 1
6.247 0
7 1
5.39 0
8.27 1
6.24 1
7.503 1
6.8 1
7.247 1
8.57 1
5.326 0
6.52 1
7.14 1
7.762 1
7.79 1
8.12 1
4.43 0
7.955 1
6.653 1
7.79 1
6.88 1
1.47 0
5.823 0
7.184 1
3.486 0
5.6 0
8.27 1
5.547 0
5.877 0
5.665 0
4.56 0
2.61 0
7.38 1
6.36 1
4.5 0
5.62 1
3.133 0
7.565 1
8.03 1
5.09 0
6.84 1
4.855 0
3.917 0
7.482 1
7.667 1
3.43 0
8.14 1
3.3 0
7.36 1
7.205 1
5.537 0
6.56 1
6.383 0
4.412 0
6.034 0
3.25 0
4.819 0
4.297 0
7.642 1
8.12 1
6.012 0
0.83 0
4.845 0
7.38 1
5.433 0
7.79 1
6.104 0
7.003 1
7.253 1
6.11 0
4.41 0
5.2 1
7.92 1
4.845 0
7.267 1
7.62 1
7.09 1
7.16 1
7.257 1
6.878 1
7.327 1
5.744 0
7.3 1
6.005 0
5.952 0
6.015 0
8.12 1
4.56 0
5.893 0
3.807 0
1.07 0
7.59 1
7.38 1
6.517 1
1.75 0
6.7 1
3.04 0
7.34 1
7.915 1
6.463 1
5.767 0
7.16 1
7.205 1
7.678 1
6.362 0
6.91 1
7.3 1
3.163 0
7.89 1
8.45 1
3.517 0
7.085 1
7.543 1
1.76 0
7.72 1
8.45 1
4.22 0
6.285 0
6.3 1
4.612 0
7.827 1
6.828 1
4.197 0
6.79 1
4.428 0
7.65 1
2.4 0
6.2 0
7.137 1
7.486 1
5.155 0
6.465 1
8.27 1
6.845 1
4.93 0
3.273 0
7.79 1
6.722 1
4.12 0
4.292 0
6.214 0
7.058 1
5.76 0
6.893 1
6.244 0
1.24 0
6.058 0
8.16 1
4.76 0
6.299 0
8.24 1
7.02 1
1.5 0
3.227 0
8.05 1
7.447 1
7.81 1
7.965 1
7.92 1
4.44 0
1.76 0
6.59 1
6.623 1
7.173 1
3.435 0
5.023 0
5.2 1
6.66 1
4.808 0
4.615 0
8.305 1
7.643 1
8.27 1
7.357 1
6.403 0
7.79 1
5.978 0
7.557 1
4.965 0
5.442 0
4.28 0
7.208 1
6.746 1
7.415 1
7.02 1
6.194 0
5.64 1
6.383 0
5.76 0
5.502 0
5.661 0
2.92 0
6.433 1
7.32 1
6.296 0
7.12 1
7.76 1
5.587 0
8.36 1
7.195 1
6.388 0
6.795 1
6.306 0
6.53 1
7.407 1
6.98 1
6.178 0
7.79 1
8.21 1
7.247 1
7.237 1
7 1
8.16 1
5.805 0
2.02 0
3.47 0
5.114 0
5.837 0
4.608 0
8.27 1
5.23 0
7.02 1
7.503 1
5.985 1
6.832 1
3.04 0
7.12 1
6.05 0
7.38 1
2.92 0
8.21 1
4.527 0
7.256 1
5.575 0
1.62 0
1.627 0
7.89 1
6.863 1
1.12 0
7.345 1
8.05 1
6.482 1
7.484 1
6.76 1
7.79 1
6.223 0
6.65 1
8.085 1
7.66 1
7.55 1
5.297 0
7.625 1
4.8 0
4.828 0
7.478 1
6.819 1
6.226 0
7.862 1
7.605 1
7.475 1
3.97 0
1.565 0
7.79 1
1.36 0
7.545 1
6.775 1
7.726 1
6.843 1
5.11 0
8.03 1
1.76 0
5.546 0
6.595 1
7.03 1
2.84 0
6.073 0
7.41 1
5.655 1
7.79 1
4.915 0
6.592 1
7.505 1
3.46 0
3.47 0
7.79 1
5.81 0
7.865 1
6.64 1
5.693 0
6.2 0
7.25 1
5.251 0
2.36 0
7.603 1
5.43 0
6.251 0
7.823 1
6.974 1
8.12 1
2.84 0
7.92 1
6.002 0
6.803 1
3.747 0
6.58 1
1.11 0
7.205 1
7.68 1
4.243 0
5.713 0
7.24 1
7.897 1
8.57 1
8.45 1
7.437 1
4.825 0
5.241 0
6.737 1
7.033 1
2.93 0
7.18 1
5.885 0
8.27 1
7.78 1
1.497 0
6.883 1
4.263 0
7.72 1
4.152 0
6.21 0
5.323 0
8.21 1
7 1
3.443 0
7.583 1
7.525 1
8.03 1
7.085 1
7.096 1
8.36 1
4.772 0
8.23 1
1.522 0
7.798 1
7.178 1
7.79 1
7.631 1
6.032 0
1 0
7.75 1
5.853 0
6.018 0
6.883 1
5.2 1
8.255 1
8.03 1
7.137 1
4.05 0
7.097 1
7.663 1
4.285 0
7.395 1
6.455 1
7.1 1
7.87 1
6.57 1
8.16 1
7.963 1
7.66 1
6.65 1
6.396 0
7.49 1
3.68 0
2.343 0
7.077 1
5.655 0
6.183 0
6.65 1
6.495 1
8.045 1
7.22 1
7.71 1
6.567 1
7.92 1
5.683 0
7.16 1
5.035 0
6.65 1
7.333 1
7.727 1
6.079 0
1.6 0
5.638 0
7.64 1
0.84 0
7.597 1
7.94 1
6.8 1
5.117 0
7.205 1
7.59 1
7.01 1
7.79 1
7.76 1
6.23 0
7.515 1
8.16 1
5.898 0
6.32 1
7.315 1
7.22 1
7.832 1
7.295 1
5.63 0
5.366 0
6.347 0
7.79 1
7.775 1
6.96 1
8.053 1
7.312 1
5.678 0
7.79 1
5.912 0
4.108 0
5.54 0
5.21 0
6.398 0
2.84 0
8.03 1
6.102 0
7.16 1
6.742 1
5.398 0
7.02 1
5.241 0
7.52 1
7.198 1
6.72 1
7.633 1
6 0
5.798 0
7.388 1
5.873 0
5.845 0
6.68 1
7.503 1
6.96 1
6.265 0
5.963 0
6.065 0
8.45 1
5.883 0
7.145 1
7.762 1
6.537 1
8.42 1
5.841 0
6.93 1
7.687 1
5.58 0
8.12 1
8.21 1
4.765 0
3.47 0
7.32 1
5.563 0
8.16 1
5.257 0
7.275 1
2.407 0
6.96 1
5.32 0
5.6 1
8.45 1
6.912 1
2.876 0
6.665 1
7.145 1
6.927 1
7.115 1
7.332 1
7.695 1
7.79 1
2.915 0
8.285 1
6.445 0
6.782 1
1.6 0
7.015 1
3.513 0
6.875 1
6.97 1
7.46 1
5.997 0
5.487 0
3.883 0
3.887 0
6.236 0
8.07 1
7.633 1
6.24 1
2.77 0
4.922 0
5.567 0
7.41 1
7.79 1
7.76 1
5.68 1
7.39 1
7.852 1
2.52 0
6.93 1
2.855 0
5.455 0
7.016 1
2.56 0
7.068 1
7.877 1
5.772 0
5.68 0
7 1
8.24 1
3.9 0
2.92 0
7.3 1
6.96 1
1.987 0
7 1
5.287 0
5.977 0
4.895 0
5.272 0
6.303 0
7.36 1
1.45 0
6.11 0
7.38 1
1.815 0
5.317 0
7 1
3.453 0
6.68 1
7.79 1
7.198 1
7.395 1
8.27 1
6.32 1
3.04 0
6.525 1
7.677 1
6.135 0
5.688 0
8.16 1
3.1 0
5.2 0
6.12 1
7.097 1
8.04 1
5.08 0
7.9 1
7.24 1
6.65 1
6.069 0
7.167 1
7.493 1
2.71 0
7.607 1
7.975 1
7.25 1
3.477 0
6.67 1
8 1
6.02 0
5.2 1
4.16 0
6.172 0
6.49 1
8.043 1
7.21 1
7 1
4.865 0
4.86 0
2.93 0
8.205 1
7.81 1
6.245 0
6.375 0
4.678 0
2.92 0
8.27 1
7.507 1
4.01 0
6.63 1
6.96 1
6.012 0
7.847 1
4.353 0
7.38 1
7.545 1
2.595 0
1.17 0
7.198 1
7.918 1
1.48 0
7.92 1
7.165 1
8.45 1
6.115 0
4.505 0
5.822 0
7.635 1
6.59 1
5.712 0
6.265 1
7.4 1
7.79 1
7.258 1
8.107 1
5.889 0
7.353 1
8.36 1
7.52 1
3.425 0
2.92 0
7.79 1
7.677 1
6.027 0
6.937 1
5.783 0
6.183 0
7.89 1
7.61 1
7.845 1
8.02 1
6.718 1
5.48 0
4.716 0
5.867 0
7.78 1
6.168 0
5.03 0
4.12 0
2.884 0
5.52 0
7.22 1
6.987 1
7.355 1
5.174 0
7.79 1
5.743 0
2.94 0
8.27 1
7.58 1
4.728 0
7.345 1
8.12 1
6.793 1
6.254 0
7.05 1
5.006 0
4.18 0
6.765 1
6.742 1
7.038 1
6.28 0
5.878 0
7.943 1
3.32 0
6.362 0
5.426 0
7.398 1
6.063 0
3.923 0
7.135 1
7.38 1
8.22 1
5.757 0
7.77 1
6.547 1
7.08 1
1.44 0
7.81 1
7 1
6.875 1
6.753 1
7.287 1
6.52 1
7.723 1
6.433 0
6.76 1
5.537 0
6.03 0
5.927 0
2.16 0
7 1
5.247 0
7.527 1
4.963 0
5.685 0
6.92 1
7.65 1
5.157 0
7.175 1
0.84 0
7.815 1
8.12 1
1.44 0
6.933 1
4.26 0
8.03 1
4.479 0
8.083 1
8.03 1
7 1
6.918 1
7.647 1
6.65 1
8.27 1
7.79 1
5.04 0
5.62 1
8.03 1
4.782 0
7.304 1
7.613 1
6.965 1
7.76 1
5.723 0
6.61 1
2.485 0
7.79 1
6.442 0
4.876 0
7.344 1
7.316 1
6.807 1
7.196 1
5.027 0
7.89 1
8.185 1
6.255 0
7.52 1
6.5 1
2.52 0
1.32 0
5.6 1
7.72 1
6.647 1
5.562 0
8.04 1
6.78 1
5.143 0
8.185 1
8.195 1
7.41 1
7.79 1
5.52 0
7.27 1
7.823 1
7.76 1
6.623 1
8.203 1
5.368 0
6.88 1
5.284 0
6.986 1
6.8 1
4.647 0
7 1
6.975 1
1.728 0
7.098 1
6.303 0
6.555 1
5.6 1
7.342 1
6.14 0
6.822 1
7.26 1
0.84 0
7.693 1
7.3 1
7.26 1
7.402 1
6.528 1
7.162 1
7.545 1
7.022 1
4.874 0
6.912 1
6.96 1
7.044 1
5.455 0
6.457 1
5.757 0
6.14 0
5.463 0
6.463 1
5.257 0
5.974 0
7.79 1
7.332 1
6.428 1
5.613 0
6.54 1
7.083 1
8.03 1
4.623 0
6.412 0
7.247 1
7.414 1
8.12 1
5.533 0
6.695 1
7.046 1
6.197 1
4.952 0
7.275 1
6.773 1
6.99 1
6.73 1
6.93 1
7.79 1
5.512 0
7.235 1
2.92 0
6.473 1
6.93 1
8.27 1
4.045 0
4.515 0
6.692 1
1.44 0
8.27 1
7.72 1
7.12 1
6.447 1
7.527 1
7.79 1
5.653 0
7.137 1
2.9 0
5.757 0
6.65 1
3.998 0
6.087 0
5.6 1
6.592 1
7.8 1
6.957 1
7.397 1
5.12 0
7.23 1
4.695 0
6.93 1
2.88 0
7.305 1
7.22 1
7.455 1
6.765 1
7.89 1
3.973 0
3.783 0
6.76 1
6.735 1
5.6 1
1.893 0
4.975 0
5.49 0
7.19 1
6.9 1
6.77 1
8.08 1
7.915 1
7.89 1
6.46 1
5.657 0
7 1
7.363 1
7.775 1
7.122 1
6.53 1
7.11 1
3.17 0
4.885 0
7.072 1
8.03 1
7 1
7.03 1
7.083 1
4.79 0
6.18 1
7.565 1
4.03 0
2.84 0
1.24 0
1.12 0
1.72 0
2.52 0
6.93 1
4.997 0
7.09 1
8.17 1
6.307 0
7.44 1
7.535 1
7.622 1
7.89 1
3.47 0
3.69 0
5.877 0
6.56 1
8.037 1
1.26 0
3.983 0
5.585 0
7.573 1
3.92 0
6.76 1
7.36 1
6.93 1
8.055 1
6.56 1
6.65 1
1.44 0
5.559 0
7.655 1
7.22 1
7.96 1
7.158 1
1.17 0
7.263 1
7.79 1
5.74 1
7.563 1
6.306 0
4.24 0
1.66 0
7.43 1
7.725 1
5.765 0
3.4 0
5.716 0
7.652 1
7.956 1
6.348 0
2.08 0
6.65 1
5.918 0
6.307 1
4.897 0
7.685 1
8.12 1
6.788 1
7.425 1
7.23 1
7.595 1
7.79 1
8.215 1
7.525 1
7.79 1
5.3 0
8.143 1
2.84 0
4.297 0
2.48 0
3.846 0
3.57 0
7.36 1
6.037 0
1.26 0
8.45 1
7.982 1
6.825 1
6.838 1
7.292 1
5.268 0
6.037 0
3.755 0
7.114 1
7.114 1
7.713 1
5.952 0
6.086 0
6.022 0
7.654 1
7.217 1
7.545 1
4.215 0
8.27 1
8.195 1
6.947 1
6.56 1
6.845 1
1.26 0
7.89 1
6.348 0
6.917 1
2.697 0
7.847 1
7.22 1
7.434 1
1.31 0
7.595 1
5.433 0
5.672 0
7.888 1
5.26 0
7.79 1
6.93 1
7.79 1
8.12 1
7.13 1
7.06 1
5.405 0
5.405 0
6.287 0
6.392 0
3.51 0
6.88 1
4.503 0
6.076 0
7.095 1
4.19 0
5.6 0
4.814 0
7.228 1
6.876 1
7.997 1
6.08 0
7.31 1
4.477 0
8.27 1
1.35 0
6.8 1
7.72 1
6.055 0
7.32 1
7.79 1
7.45 1
7.79 1
5.6 1
5.5 0
2.36 0
5.821 0
7.79 1
3.592 0
7.405 1
8.14 1
1.023 0
7.015 1
7.213 1
5.4 0
3.897 0
5.01 0
6.76 1
7.81 1
1.305 0
2.43 0
4.676 0
7.57 1
5.207 0
6.137 0
6.76 1
3.577 0
4.79 0
7.195 1
6.817 1
7.075 1
7.955 1
5.2 1
5.11 0
7.34 1
7.432 1
4.27 0
7.045 1
6.723 1
6.384 0
4.515 0
7.79 1
8.45 1
7.285 1
5.925 1
5.33 0
2.754 0
1.76 0
6.055 0
6.96 1
7.293 1
5.746 0
7.08 1
6.73 1
7.377 1
2.675 0
6.3 0
6.782 1
7.89 1
7.38 1
6.455 1
7.21 1
8.27 1
5.24 0
7.355 1
6.364 0
7.787 1
7.295 1
8.08 1
6.91 1
6.8 1
4.615 0
6.993 1
6.695 1
7.02 1
8.45 1
7.643 1
6.596 1
6.081 0
1.583 0
6.567 1
7.76 1
6.857 1
5.6 1
5.773 0
6.551 1
7.79 1
5.329 0
4.952 0
7.593 1
6.073 0
6.927 1
7.79 1
7.44 1
6.705 1
7.565 1
6.842 1
5.177 0
7.19 1
5.647 0
7.79 1
7.625 1
6.2 0
6.49 1
6.93 1
5.614 0
7.154 1
7.154 1
7.28 1
3.67 0
6.533 1
5.864 0
6.251 0
7.773 1
7.587 1
6.685 1
6.14 0
5.985 1
4.58 0
6.49 1
6.263 0
7.975 1
5.016 0
5.52 0
7.266 1
8.45 1
7.79 1
7.387 1
3 0
4.005 0
1.44 0
5.61 0
4.493 0
5.545 0
7.84 1
7.985 1
4.13 0
7.9 1
7.81 1
4.615 0
7.79 1
1.12 0
8.03 1
7.84 1
2.305 0
6.362 0
5.3 0
4.463 0
4.674 0
3.427 0
5.36 0
3.377 0
4.615 0
6.142 0
5.595 0
7.29 1
3.57 0
7.477 1
7.195 1
7.22 1
6.754 1
6.93 1
1.965 0
7.252 1
7.395 1
6.557 1
5.45 0
4.37 0
5.714 0
6.912 1
8.57 1
6.88 1
6.86 1
7.437 1
1.405 0
2.52 0
6.492 1
2.92 0
6.68 1
7.977 1
6.29 0
1.17 0
7.84 1
7.269 1
7.79 1
7.75 1
2.2 0
2.05 0
7.725 1
6.65 1
8.12 1
8.45 1
7.572 1
5.723 0
5.913 0
6.986 1
7 1
5.717 0
6.12 0
7.79 1
7.103 1
6.015 0
6.728 1
7.825 1
6.59 1
7.5 1
7 1
6.296 0
7.205 1
6.772 1
7.096 1
3.76 0
7.015 1
1.01 0
6.06 0
6.71 1
6.735 1
8.21 1
3.04 0
6.177 0
4.28 0
2.44 0
7.233 1
6.98 1
7.2 1
7.135 1
7.32 1
6.485 1
7.92 1
7.76 1
6.787 1
7.89 1
5.74 1
7.79 1
7.275 1
4.033 0
7.51 1
6.96 1
7.855 1
7.153 1
7.79 1
7.545 1
4.132 0
6.36 1
2.402 0
7.264 1
4.107 0
7.36 1
6.795 1
8.04 1
7.79 1
6.316 1
7.79 1
7.613 1
4.268 0
6.56 1
8.16 1
7.35 1
6.36 1
7.63 1
1.76 0
6.565 1
7.76 1
0.97 0
1.52 0
7.92 1
6.498 1
2.98 0
6.463 1
6.88 1
7.345 1
7.09 1
7.89 1
3.517 0
4.915 0
7.965 1
1.56 0
7.79 1
1.44 0
5.495 0
2.84 0
5.63 0
5.84 0
4.78 0
5.561 0
5.423 0
2.92 0
5.217 0
5.781 0
7.79 1
4.28 0
7.427 1
3.47 0
6.033 0
4.75 0
5.74 1
4.115 0
1.44 0
6.25 0
7.84 1
6.075 1
6.04 1
1.5 0
6.695 1
6.725 1
6.3 1
7.387 1
6.93 1
7.265 1
7.3 1
6.098 0
7.747 1
3.667 0
5.99 0
7.79 1
6.59 1
6.468 1
4.863 0
5.957 0
4.695 0
6.702 1
8.03 1
6.309 0
4.493 0
7.85 1
7.34 1
7.223 1
6.69 1
7.45 1
6.442 1
8.015 1
6.803 1
7.413 1
7.79 1
6.925 1
7.563 1
5.537 0
7.418 1
5.26 0
5.793 1
2.52 0
1.98 0
6.24 0
2.78 0
3.225 0
6.682 1
6.501 1
5.637 0
6.95 1
7.245 1
6.96 1
6.247 0
7.34 1
3.738 0
7.323 1
7.79 1
7.57 1
5.248 0
7.36 1
5.197 0
7.84 1
5.037 0
7.016 1
7.19 1
5 0
