the 913
i 806
it 749
and 619
a 566
to 521
hair 488
my 403
this 402
is 368
dryer 356
for 286
that 230
of 228
have 204
in 185
but 179
not 169
with 159
as 147
so 142
its 141
was 140
on 139
very 137
great 118
one 117
like 111
dry 104
has 103
blow 102
had 95
use 95
 94
than 94
just 93
you 91
love 90
br 89
good 82
well 81
works 79
be 78
out 71
time 70
would 70
really 68
at 68
more 66
because 65
heat 65
product 64
if 61
me 59
used 59
which 58
all 58
are 58
about 57
too 57
or 56
does 56
get 56
hot 55
when 55
only 53
price 53
much 53
dryers 52
settings 51
drying 51
air 50
now 50
ive 48
nice 47
long 47
no 46
up 46
cool 45
an 45
they 44
little 44
diffuser 43
years 43
im 43
can 42
also 42
after 42
do 42
dont 41
your 40
other 40
powerful 39
doesnt 39
dries 38
from 37
cord 37
what 37
using 37
3 36
setting 36
bought 36
heavy 35
been 35
quickly 33
off 33
fine 33
last 33
best 32
still 32
will 32
even 32
high 31
power 31
button 31
didnt 31
recommend 30
old 30
better 30
fast 30
curly 30
could 29
buy 28
less 28
need 28
hairdryer 28
thing 28
speed 27
easy 27
did 27
remington 27
most 26
year 26
she 26
over 26
model 26
small 26
months 26
attachments 25
ever 25
how 25
minutes 25
same 25
there 25
we 24
comes 24
never 24
job 24
down 24
longer 24
am 23
any 23
new 23
two 23
work 23
2 22
back 22
quality 22
thick 22
while 22
wish 22
gets 21
big 21
however 21
unit 21
working 21
feel 21
smooth 21
takes 21
then 21
conair 20
enough 20
got 20
frizz 20
way 20
another 20
quiet 20
keep 19
definitely 19
attachment 19
always 19
know 19
say 19
bit 19
switch 19
her 19
curls 19
made 19
perfect 18
low 18
by 18
light 18
excellent 18
such 18
first 18
without 18
think 18
take 17
make 17
shot 17
travel 17
owned 17
every 16
find 16
getting 16
highly 16
blowdryer 16
pretty 16
super 16
their 16
looks 16
since 16
lot 16
handle 16
finally 16
turn 16
few 16
lightweight 15
want 15
cant 15
before 15
5 15
feels 15
easily 15
some 15
them 15
difference 15
quite 15
filter 15
expected 15
hand 15
hold 15
color 15
bathroom 15
try 15
three 15
salon 14
stars 14
item 14
happy 14
ceramic 14
short 14
professional 14
medium 14
purchased 14
yet 14
worked 14
weight 14
dried 14
again 14
mine 14
though 14
blows 13
took 13
expensive 13
review 13
seems 13
seem 13
thought 13
both 13
strong 13
faster 13
far 13
actually 13
straight 13
came 13
head 13
purchase 13
compact 13
warm 13
loud 13
look 13
isnt 12
4 12
others 12
amazon 12
concentrator 12
half 12
feature 12
makes 12
different 12
should 12
give 12
plus 12
ago 12
were 12
thats 12
speeds 12
fan 11
found 11
may 11
day 11
stopped 11
week 11
older 11
free 11
received 11
ionic 11
overall 11
noticed 11
cut 11
probably 11
cheap 11
see 11
pleased 11
fit 11
results 11
going 11
something 11
who 10
needed 10
needs 10
looking 10
says 10
noise 10
hands 10
plastic 10
away 10
10 10
frizzy 10
1875 10
awesome 10
started 10
tell 10
put 10
done 10
these 10
quieter 10
worth 10
past 10
least 10
finish 10
heavier 10
within 10
design 10
bonnet 10
blower 10
right 10
times 10
motor 10
end 10
almost 10
days 10
shiny 10
reviews 10
return 10
into 10
damage 10
being 10
length 10
glad 9
buttons 9
drier 9
itbr 9
retractable 9
revlon 9
amazing 9
once 9
itself 9
voltage 9
havent 9
hard 9
go 9
money 9
pink 9
quick 9
fact 9
around 9
decided 9
brush 9
tstudio 9
controls 9
brand 9
said 8
features 8
comfortable 8
wont 8
having 8
extra 8
either 8
reason 8
between 8
own 8
fire 8
box 8
real 8
anything 8
control 8
soft 8
wouldnt 8
smaller 8
loves 8
let 8
second 8
couple 8
built 8
cold 8
home 8
silky 8
nozzle 8
15 8
looked 8
able 8
wife 8
removable 8
wall 8
usually 8
keeps 8
recommended 8
opinion 8
weeks 8
come 7
gave 7
five 7
lasted 7
lasts 7
wasnt 7
products 7
cute 7
full 7
temperature 7
clean 7
point 7
forever 7
easier 7
20 7
stay 7
issues 7
loved 7
noisy 7
bad 7
update 7
style 7
ends 7
absolutely 7
why 7
broke 7
ones 7
tourmaline 7
several 7
until 7
replace 7
wanted 7
daughter 7
heating 7
care 7
wavy 7
through 7
id 7
slightly 7
ordered 7
handy 7
sure 7
deal 7
volume 7
tried 6
difficult 6
exactly 6
during 6
switches 6
exact 6
favorite 6
thin 6
supposed 6
traveling 6
stays 6
summer 6
technology 6
instead 6
completely 6
those 6
counter 6
couldnt 6
styling 6
screen 6
often 6
left 6
anyone 6
piece 6
helps 6
6 6
youre 6
rollers 6
maybe 6
newer 6
useful 6
purple 6
honest 6
onoff 6
hotel 6
house 6
ill 6
average 6
break 6
wet 6
affordable 6
set 6
went 6
space 6
packaging 6
already 6
previous 6
leaves 6
gotten 6
amount 6
returned 6
problem 6
believe 5
liked 5
our 5
especially 5
wind 5
original 5
service 5
recently 5
basic 5
kind 5
option 5
everything 5
element 5
replacement 5
dust 5
replaced 5
dc 5
airflow 5
allows 5
where 5
reliable 5
ac2015c 5
damaged 5
curl 5
d3190a 5
watts 5
mind 5
customer 5
ok 5
taking 5
arrived 5
warranty 5
available 5
dryerbr 5
higher 5
sparks 5
top 5
hope 5
purpose 5
burning 5
exchange 5
touch 5
holding 5
function 5
highest 5
plug 5
prefer 5
size 5
hear 5
produces 5
1 5
grip 5
solid 5
disappointed 5
type 5
twice 5
shine 5
company 5
trying 5
reasonable 5
stand 5
folds 5
34cool 5
sturdy 5
blowing 5
convenient 5
25 5
folding 5
place 5
value 5
fall 5
fantastic 5
us 5
please 5
huge 5
test 4
terrible 4
dual 4
drys 4
portable 4
remingtons 4
tend 4
relatively 4
doesn’t 4
refund 4
placed 4
pieces 4
read 4
tangle 4
order 4
live 4
otherwise 4
oster 4
felt 4
investment 4
problems 4
stuck 4
inside 4
extremely 4
shipping 4
impressed 4
fairly 4
shot34 4
side 4
hook 4
feeling 4
settingsbr 4
store 4
similar 4
help 4
sleek 4
slide 4
happier 4
smell 4
girlfriend 4
funnel 4
flat 4
friend 4
frieda 4
nearly 4
naturally 4
multiple 4
mount 4
effort 4
morning 4
month 4
elastic 4
mins 4
many 4
rusk 4
lots 4
switched 4
lighter 4
life 4
everyday 4
larger 4
excelente 4
send 4
seriously 4
john 4
except 4
expect 4
it’s 4
waiting 4
burned 4
addition 4
change 4
cost 4
– 4
cheaper 4
complaints 4
water 4
brought 4
whole 4
complaint 4
wear 4
bigger 4
uses 4
along 4
true 4
current 4
youll 4
comb 4
tunnel 4
bonus 4
turning 4
causing 4
caught 4
tools 4
vine 4
died 4
anymore 4
ion 3
fancy 3
puts 3
forward 3
blast 3
compared 3
black 3
range 3
birthday 3
person 3
lazy 3
replacing 3
people 3
flow 3
splurged 3
family 3
spend 3
based 3
notice 3
2015 3
ton 3
plenty 3
particularly 3
turned 3
part 3
plugged 3
junk 3
quicker 3
stores 3
cons 3
beauty 3
240v 3
beat 3
added 3
kids 3
noisier 3
next 3
keeping 3
various 3
fly 3
trash 3
pain 3
joke 3
straighten 3
later 3
30 3
benefit 3
traveled 3
flaw 3
static 3
totally 3
i’m 3
wonderful 3
ordering 3
ability 3
burn 3
wide 3
bulky 3
changing 3
hoping 3
women 3
sliding 3
hairbr 3
ac 3
hour 3
bucks 3
understand 3
outlet 3
smells 3
red 3
open 3
7 3
called 3
six 3
winner 3
sister 3
8 3
60 3
wonderfully 3
healthier 3
sink 3
buying 3
he 3
hate 3
cause 3
caused 3
included 3
packaged 3
bouncy 3
realize 3
number 3
giving 3
bother 3
someone 3
cleaning 3
usebr 3
shipment 3
missing 3
somewhat 3
shell 3
sound 3
funny 3
turns 3
functions 3
goes 3
sold 3
pack 3
realized 3
important 3
imagine 3
accidentally 3
uncomfortable 3
broken 3
shoulder 3
overheat 3
odor 3
under 3
smoother 3
show 3
wait 3
things 3
matte 3
move 3
ergonomic 3
thicker 3
appreciate 3
delivery 3
weird 3
means 3
website 3
dry34 3
defective 3
rocker 3
thumb 3
tight 3
w 3
name 3
country 3
returning 3
satisfied 3
stylists 3
save 3
protection 3
efficient 3
pros 3
surprised 3
manageable 3
mounted 3
surprisingly 3
daily 3
cuts 3
allure 3
barely 3
retract 3
driers 3
each 3
mother 3
third 3
sale 3
decent 3
mostly 3
due 3
lower 3
room 3
materials 3
thanks 3
tired 3
temp 3
directional 3
thank 3
scalp 3
today 3
against 3
die 3
tip 3
volts 3
stylingbr 3
apart 3
… 3
dog 3
doing 3
lint 3
might 3
temperatures 3
research 3
minute 2
online 2
round 2
march 2
roots 2
immediately 2
boyfriend 2
idea 2
brands 2
occasionally 2
answer 2
can’t 2
increase 2
happens 2
reminds 2
helped 2
reviewers 2
running 2
cannot 2
include 2
reviewing 2
numerous 2
bottom 2
improved 2
remember 2
shoot 2
retracting 2
herbr 2
regularly 2
rubber 2
here 2
moisture 2
metal 2
body 2
mini 2
hotter 2
burst 2
budget 2
hotcold 2
regarding 2
mom 2
hose 2
andis 2
burnt 2
hopefully 2
rid 2
abroad 2
appears 2
hood 2
silk 2
middle 2
moderately 2
models 2
offer 2
reduce 2
onei 2
above 2
matter 2
waste 2
simple 2
willing 2
minipro 2
anyway 2
mebr 2
bring 2
regret 2
upon 2
roll 2
width 2
melted 2
members 2
mode 2
annoying 2
mesh 2
bed 2
beautiful 2
seeing 2
knowing 2
backup 2
seemed 2
knew 2
night 2
seen 2
baby 2
select 2
selected 2
saving 2
selection 2
literally 2
adaptor 2
lock 2
sent 2
begin 2
beginning 2
behind 2
variety 2
w8less 2
myself 2
sample 2
awhile 2
benefits 2
remove 2
adjustable 2
level 2
negative 2
barrel 2
advertised 2
lift 2
bar 2
screeching 2
aesthetic 2
leaving 2
welt 2
balanced 2
bath 2
bag 2
valuable 2
search 2
adjust 2
likes 2
via 2
late 2
requires 2
nicely 2
large 2
section 2
lists 2
secure 2
adequate 2
blown 2
userfriendly 2
loving 2
blowdry 2
lowest 2
whether 2
shampoo 2
note 2
nothing 2
intended 2
luck 2
blowdrying 2
asked 2
november 2
wants 2
safety 2
installation 2
install 2
insanely 2
major 2
arrives 2
wash 2
whisper 2
infrared 2
aroundbr 2
runs 2
shinier 2
inexpensive 2
vac 2
aways 2
nononsense 2
waited 2
beware 2
nor 2
loop 2
must 2
biggest 2
itll 2
normal 2
aids 2
bio 2
normally 2
indeed 2
attempt 2
adapters 2
moved 2
severely 2
sew 2
irons 2
iron 2
whenever 2
ions 2
attached 2
notbr 2
lovely 2
tons 2
fiddling 2
touching 2
connected 2
fell 2
pixie 2
2200w 2
considering 2
placement 2
planning 2
writing 2
straightening 2
quibble 2
putting 2
tool 2
contact 2
field 2
falling 2
fair 2
stream 2
stripped 2
together 2
convert 2
stuff 2
experience 2
expecting 2
correct 2
purchasing 2
existing 2
1875watt 2
stylist 2
cottage 2
quit 2
star 2
focus 2
treated 2
starting 2
persons 2
phenomenal 2
floor 2
flip 2
flimsy 2
flames 2
fizzled 2
step 2
complete 2
fits 2
photo 2
poor 2
quietest 2
picking 2
wouldve 2
picture 2
pictured 2
fingers 2
finger 2
2nd 2
stock 2
250 2
conditioners 2
wow 2
held 2
stop 2
storage 2
didbr 2
profits 2
press 2
taken 2
depending 2
yr 2
designed 2
despite 2
produced 2
prevents 2
drops 2
11 2
previously 2
therefore 2
dial 2
pricey 2
preference 2
drawer 2
drawback 2
technology34 2
downgraded 2
technologybr 2
prime 2
process 2
diffuse 2
donate 2
that’s 2
pro 2
ten 2
textured 2
texture 2
testing 2
suitcase 2
course 2
pop 2
everywhere 2
cracked 2
popped 2
thrown 2
popping 2
europe 2
etc 2
cs 2
portion 2
position 2
provides 2
enjoying 2
enjoy 2
toward 2
curlsbr 2
ended 2
16 2
else 2
damn 2
elchim 2
tho 2
daughters 2
surprising 2
dcbr 2
dead 2
ease 2
program 2
deaf 2
13 2
solidly 2
hadnt 2
cheaply 2
guests 2
receive 2
smoke 2
output 2
34ionic 2
choice 2
34high34 2
unbiased 2
34high 2
chose 2
package 2
haha 2
34cool34 2
cleanable 2
gives 2
somebody 2
typically 2
girls 2
somehow 2
packs 2
clear 2
clearly 2
paid 2
world 2
havebr 2
sit 2
opened 2
operate 2
recommendation 2
opportunity 2
opposed 2
careful 2
opposite 2
hearing 2
winter 2
wire 2
case 2
trick 2
hasnt 2
causes 2
chance 2
slim 2
3b 2
hanging 2
hang 2
slower 2
34quick 2
recent 2
hairdryers 2
charities 2
worst 2
coarse 2
fully 2
coating 2
particular 2
parts 2
pay 2
coming 2
spending 2
split 2
rate 2
rarely 2
worry 2
four 2
trip 2
perfectly 2
perform 2
performance 2
performs 2
perhaps 2
compare 2
fond 2
comparison 2
generally 2
twinturbo 2
worried 2
functional 2
removing 1
withing 1
yourself 1
refundrepair 1
youtube 1
weekend 1
productif 1
weather 1
wed 1
wrangling 1
youve 1
returing 1
removed 1
yrs 1
woke 1
woks 1
refused 1
retracts 1
west 1
prolong 1
promised 1
woman 1
wonder 1
prone 1
replica 1
xd 1
reached 1
prosbr 1
retracted 1
replacements 1
ready 1
rains 1
randomly 1
quotstuckquot 1
“may” 1
whisperquiet 1
remington’s 1
ranking 1
window 1
quitting 1
wheels 1
rap 1
recomended 1
reverse 1
win 1
weekly 1
reckon 1
process34 1
reduced 1
prodcut 1
wised 1
write 1
way34 1
wild 1
reading 1
weak 1
wrong 1
wishing 1
😊 1
wrap 1
workplace 1
relationship 1
white 1
xtavacom 1
respells 1
youbr 1
reallybr 1
resort 1
rating 1
reset 1
purchasebuy 1
researching 1
yeah 1
relieved 1
remain 1
require 1
regularlybr 1
yield 1
remedy 1
purpleaccented 1
reall 1
purplebr 1
yesterday 1
purposesbr 1
whats 1
requirements 1
push 1
yes 1
wen 1
required 1
quicklybr 1
pushed 1
punch 1
yearsbr 1
rather 1
whatsoeverbr 1
protect 1
protectant 1
regime 1
rentals 1
provide 1
registerwarrantee 1
rethread 1
weve 1
provided 1
whine 1
regular 1
puddles 1
reachbr 1
retain 1
whose 1
weighted 1
reattaching 1
youd 1
reommend 1
rest 1
puppy 1
reassuring 1
reasons 1
reasonably 1
word 1
words 1
wellconstructed 1
spots34 1
treating 1
stands 1
standing 1
standard 1
stable 1
squishing 1
spray 1
sprawled 1
tries 1
starsbr 1
spots 1
trouble 1
spot 1
troy 1
speedtemperature 1
speedshigh 1
truly 1
trusty 1
specs 1
stick 1
storing 1
tote 1
toumaline 1
stockpile 1
towel 1
towell 1
toy 1
transformer 1
sticking 1
special 1
translates 1
stepped 1
transportable 1
stepdaughter 1
stayed 1
states 1
stash 1
starts 1
start 1
smoothbr 1
socks 1
sockets 1
socket 1
snug 1
snub 1
uncomfortably 1
snt 1
smoothness 1
smoothing 1
unbeatable 1
underside 1
smooshed 1
smoking 1
smithereens 1
smelling 1
understatement 1
understood 1
slowly 1
slowing 1
somethis 1
speak 1
sparking 1
sort 1
sore 1
soonerbr 1
soon 1
sometimes 1
sometime 1
types 1
total 1
typical 1
uber 1
solutionbr 1
uk 1
ul 1
softly 1
ultimate 1
softer 1
surprise 1
tad 1
table 1
system 1
thinking 1
thinks 1
swim 1
sweet 1
swap 1
thisbr 1
tag 1
thoroughly 1
suppose 1
superhot 1
thrilled 1
thrills 1
sunbeams 1
summerbr 1
suitable 1
throughput 1
therebr 1
terrific 1
terms 1
texturing 1
thatd 1
teens 1
teenage 1
technologies 1
tech34 1
target 1
suddenly 1
tapered 1
tangled 1
theres 1
taming 1
tame 1
theseand 1
theyd 1
thickness 1
toogreat 1
struggle 1
stronger 1
togetherbr 1
told 1
string 1
stretch 1
strange 1
tone 1
strands 1
toddlers 1
straightforward 1
straighter 1
straighteningnow 1
straightener 1
tops 1
straightened 1
tornado 1
stragglersbr 1
tossed 1
subpar 1
sudden 1
sucks 1
sucking 1
sucked 1
suck 1
throwing 1
ticking 1
timebr 1
substantial 1
slowest 1
timing 1
stylish 1
tiny 1
styleso 1
tips 1
styles 1
stupid 1
stunk 1
scale 1
screw 1
videoid3ce786db72a405f72c6e511ec156f72di 1
videos 1
visited 1
scratched 1
score 1
scary 1
scant 1
volumizer 1
screws 1
volumizing 1
saying 1
vs 1
saw 1
saver 1
savannah 1
satiny 1
sat 1
sassoon 1
vent 1
vacuum 1
seton 1
serve 1
separate 1
ve 1
selling 1
seller 1
selector 1
selecting 1
sarcasm 1
venture 1
seeming 1
verdict 1
sedu 1
versatility 1
version 1
seconds 1
versus 1
searching 1
ring 1
roomy 1
wasn’t 1
romanian 1
rolling 1
watched 1
roller 1
rocket 1
road 1
risk 1
routine 1
righthanded 1
wattagebr 1
ridiculous 1
rewind 1
revolution 1
revlon’s 1
revlonhelen 1
wave 1
waves 1
warming 1
samebr 1
saloon 1
salonsalon 1
salons 1
waking 1
walked 1
walmart 1
sallys 1
wand 1
vacationing 1
warmth 1
safe 1
s1rudebr 1
rv 1
ruined 1
rubbish 1
washed 1
rubbed 1
simply 1
sitting 1
unsafe 1
sits 1
unscrew 1
sinks 1
untreated 1
unusual 1
single 1
unusualbr 1
unruly 1
simplebr 1
unwieldy 1
silver 1
silly 1
silkier 1
significantly 1
upalthough 1
signed 1
sign 1
universal 1
uneven 1
unexpected 1
slipping 1
unfortunately 1
slippery 1
unhappy 1
slightest 1
unhealthy 1
unhooking 1
upgrade 1
skin 1
skills 1
unless 1
skilled 1
sized 1
unlike 1
unpracticed 1
situations 1
shape 1
shop 1
shooting 1
shoes 1
useless 1
shining 1
shed 1
shattered 1
shared 1
share 1
shopping 1
shampoos 1
shame 1
shaking 1
shade 1
usual 1
settled 1
utilitybr 1
settle 1
vacation 1
shouldnt 1
upgrades 1
sidewalks 1
sidesbr 1
ups 1
sides 1
upside 1
shutting 1
showers 1
shower 1
reviewer 1
shoulderlength 1
upsidedown 1
shortlength 1
shortie 1
upstairs 1
shorter 1
usa 1
usable 1
control34 1
cowmaybe 1
cover 1
countries 1
costs 1
correctly 1
cordless 1
cordbr 1
cools 1
cooling 1
cooler 1
cooled 1
controller 1
controlled 1
crap 1
contoured 1
continuously 1
continues 1
containsbr 1
contains 1
contacted 1
constructed 1
constantly 1
consistently 1
consistent 1
consider 1
consequently 1
consbr 1
dandy 1
dept 1
delivered 1
deliver 1
delighted 1
deionized 1
defenetly 1
decrease 1
decisionbr 1
decadebr 1
debating 1
daytoday 1
daybr 1
dangerously 1
connects 1
damp 1
damaging 1
customers 1
curved 1
currently 1
currentbr 1
curling 1
cumbersome 1
crowded 1
criteria 1
crappy 1
crapped 1
cleaner 1
colors 1
colored 1
college 1
collapsed 1
coin 1
coil 1
clunky 1
closed 1
close 1
clog 1
clients 1
clicks 1
click 1
combs 1
cleaned 1
claims 1
claimed 1
circumference 1
circuit 1
chore 1
choose 1
choices 1
chlorinated 1
chemicals 1
chemical 1
check 1
complaining 1
connectors 1
connection 1
connect 1
confirms 1
confidence 1
conducive 1
conditioning 1
condition 1
concerned 1
concern 1
conairs 1
con 1
compliments 1
describe 1
complained 1
complain 1
competitors 1
compatible 1
compares 1
compactlybr 1
compactbr 1
commodity 1
commercial 1
comment 1
command 1
comfort 1
end34 1
excelent 1
european 1
essential 1
error 1
erks 1
ergonomics 1
ergonomically 1
ensure 1
enjoyed 1
energy 1
enemies 1
endure 1
endangering 1
excellence 1
emits 1
email 1
elements 1
electronics 1
efficiency 1
effective 1
economical 1
east 1
ears 1
earlier 1
dyers 1
durably 1
durable 1
extensions 1
faulty 1
fastest 1
fasterbr 1
fastbr 1
falls 1
faint 1
failed 1
fail 1
factor 1
facing 1
face 1
fabulous 1
exterior 1
dull 1
extension 1
exploded 1
explode 1
explains 1
explaining 1
experts 1
expectations 1
exorbitantly 1
exist 1
excited 1
exception 1
excellently 1
diffusers 1
discreet 1
discontinued 1
disappointment 1
disappointing 1
disappointedfrizzy 1
disappoint 1
directs 1
directionsvery 1
directions 1
diminishing 1
dim 1
digress 1
difusser 1
dising 1
diffuserbr 1
difficulty 1
differs 1
differences 1
dies 1
dice 1
di 1
device 1
destroyed 1
deserves 1
description 1
described 1
dressers 1
dude 1
dud 1
dryness 1
dryingbr 1
dryerunfortunately 1
dryersbr 1
dryeri 1
dryerfor 1
drybrittle 1
drugstore 1
druers 1
dropping 1
dripping 1
charm 1
drenched 1
dreaded 1
draws 1
downside 1
downfall 1
don’t 1
dontyou 1
doll 1
distinguishable 1
displeased 1
display 1
dislike 1
810years 1
achieve 1
accumulates 1
according 1
accepted 1
accept 1
accent 1
ac215c 1
absolute 1
abr 1
95 1
90s 1
9 1
8minutes 1
across 1
80searly 1
78months 1
710 1
6months 1
58 1
50 1
4c 1
45 1
4050 1
3br 1
379 1
35 1
34wrong 1
adults 1
alway 1
although 1
alot 1
allowing 1
alien 1
airplanes 1
airplane 1
airflows 1
airbr 1
ages 1
afraid 1
advice 1
advertise 1
34why34 1
adjustment 1
adjustability 1
adhesive 1
adding 1
addicted 1
add 1
adapter 1
actual 1
activation 1
activated 1
actionbr 1
action 1
169 1
22 1
20mins 1
2002 1
2000br 1
20000 1
200 1
1yr 1
1star 1
1st 1
1click34 1
1br 1
1991 1
1875w 1
220 1
1600 1
150 1
1350w 1
125 1
124tl 1
1200 1
120 1
12 1
1015 1
1012minutes 1
1000 1
091816 1
34clean34 1
34warm34 1
34set34 1
34professional34 1
34princess34 1
34precise 1
34no 1
34maybe 1
34how34 1
34hot34 1
34hot 1
34hi 1
34damage 1
34coolshot34 1
amazed 1
34buy 1
34634 1
34434 1
34 1
30sec 1
3045minutes 1
3040 1
2x 1
23x 1
23rds 1
234 1
23 1
blaze 1
brown 1
bright 1
breaks 1
breaker 1
branded 1
brandbr 1
braids 1
boxed 1
bouncier 1
bough 1
boot 1
blew 1
bleached 1
bubble 1
blades 1
bladediverter 1
bitch 1
bismol 1
bill 1
beyond 1
bet 1
bent 1
believed 1
behold 1
began 1
beforebr 1
cap 1
charging 1
charge 1
changes 1
changed 1
chair 1
catching 1
casing 1
cash 1
carry 1
carrier 1
card 1
capable 1
capability 1
becoming 1
cable 1
cabinets 1
bybr 1
buys 1
buttonbr 1
buttercup 1
burns 1
bumped 1
bumpbr 1
buildup 1
bueno 1
buck 1
appointment 1
attachmentbr 1
attach 1
assume 1
assistancebr 1
assemble 1
arthritis 1
arrow 1
arrive 1
arrival 1
arm 1
arent 1
appreciates 1
appreciated 1
attachmentsbr 1
apply 1
appendage 1
apparently 1
anywhere 1
anticipated 1
annoyingbr 1
annnd 1
angles 1
andor 1
ammonia 1
amazons 1
amazingly 1
bangs 1
becausemy 1
beautifully 1
beast 1
bay 1
bathsbr 1
bathrooms 1
bathed 1
basis 1
basically 1
base 1
bargain 1
bare 1
bank 1
favor 1
bang 1
ball 1
badbr 1
awkwardly 1
awkward 1
avoided 1
avoid 1
avail 1
automatic 1
attributable 1
attachmentsvery 1
attachmentsnot 1
miss 1
mousse 1
mounts 1
mounting 1
motorbr 1
motel 1
monthsenever 1
moneys 1
moments 1
modern 1
modelbr 1
mobility 1
mobile 1
missed 1
movablegood 1
minimum 1
minimal 1
miniature 1
mild 1
midst 1
midlength 1
midback 1
micro 1
meyou 1
method 1
messy 1
mess 1
mention 1
neither 1
notably 1
nosed 1
northbr 1
nonetheless 1
non 1
nomuss 1
nofuss 1
nit 1
nicest 1
niceright 1
nicer 1
nicepricey 1
nevertheless 1
men 1
needsbr 1
needless 1
necessary 1
near 1
naughty 1
natural 1
narrow 1
name34 1
n 1
muy 1
multifunction 1
ms 1
lives 1
loosely 1
loose 1
loopbr 1
longlasting 1
longest 1
longerbr 1
locks 1
locking 1
location 1
located 1
local 1
loads 1
lo34 1
losing 1
listed 1
limp 1
limited 1
likely 1
lighty 1
lightweighta 1
lights 1
lightest 1
lifebr 1
levels 1
leisurely 1
legs 1
manual 1
melt 1
meh 1
meets 1
mediumlow 1
meant 1
mean 1
matches 1
matched 1
massivereally 1
massage 1
mass 1
marketers 1
market 1
notch 1
manipulate 1
mane 1
manage 1
man 1
malaysian 1
making 1
makeovers 1
main 1
luckily 1
lowmedium 1
louder 1
lost 1
plasticbr 1
poofy 1
poofier 1
poof 1
ponytail 1
policy 1
pole 1
points 1
pointing 1
plugging 1
plugexcellent 1
pleasantly 1
play 1
plasticy 1
pools 1
pitched 1
piss 1
pinksomething 1
pinka 1
pictures 1
picky 1
pick 1
physical 1
phone 1
peto 1
personally 1
personal 1
peroxide 1
precise 1
prior 1
pride 1
pricebr 1
prevent 1
pretending 1
presumably 1
pressure 1
pressed 1
presentation 1
present 1
prefect 1
precision 1
precisely 1
permanently 1
practicality 1
powering 1
powerfull 1
powerfulbr 1
powered 1
possibly 1
possession 1
positive 1
positions 1
positionbr 1
pops 1
poorly 1
office 1
orange 1
options 1
opting 1
operational 1
opening 1
oneso 1
oneibr 1
onebr 1
onbr 1
okay 1
oil 1
oh 1
offlowhigh 1
ordinary 1
offered 1
offbr 1
odd 1
october 1
occurs 1
occasions 1
occasion 1
obvious 1
nyc 1
numbers 1
nubs 1
nozzles 1
owning 1
periodically 1
period 1
per 1
penny 1
paying 1
particularyl 1
paradoxically 1
par 1
papers 1
panasonic 1
paint 1
painful 1
packing 1
law 1
owners 1
ownedbr 1
overseas 1
overpowering 1
overpower 1
overnight 1
overheats 1
overdrying 1
outstanding 1
outlets 1
outcome 1
outbr 1
girlfriends 1
gradually 1
grade 1
grab 1
gorgeous 1
google 1
gold 1
goin 1
goesbr 1
god 1
glue 1
glow 1
glory 1
given 1
grandkids 1
girl 1
ghd 1
getbr 1
gentler 1
generous 1
generates 1
gem 1
garbage 1
fuzzier 1
future 1
fuss 1
functionally 1
functionality 1
gunmetal 1
harming 1
happily 1
happening 1
happen 1
hangingbr 1
handling 1
handiest 1
hairy 1
hairwhatever 1
hairs 1
hairno 1
hairdresser 1
gym 1
fry 1
gunk 1
guest 1
guessing 1
guess 1
grrrr 1
growing 1
gross 1
grooves 1
greatlight 1
greatexactly 1
greatbr 1
grate 1
finesse 1
fluke 1
fluffy 1
flowbr 1
florida 1
floorbr 1
flake 1
flak 1
fizzy 1
fix 1
fistbr 1
firm 1
finishing 1
finished 1
flyaway 1
fineness 1
filterthis 1
figured 1
figure 1
fiery 1
fiance 1
fence 1
feetbr 1
featurebr 1
feature34 1
feat 1
fear 1
forget 1
frustration 1
frustrating 1
front 1
frizzing 1
frizzfighting 1
frizzes 1
frizzbr 1
frillsonly 1
frills 1
friends 1
frequently 1
frees 1
freakin 1
harsh 1
foreign 1
forcefulness 1
forcefully 1
footsteps 1
foot 1
fooled 1
follows 1
follow 1
foldable 1
fold 1
focused 1
flying 1
international 1
joking 1
jobbut 1
joanns 1
japanbr 1
i’ve 1
items 1
italy 1
issuebr 1
issue 1
isefore 1
irritated 1
iove 1
ionized 1
july 1
internally 1
interfere 1
interesting 1
intake 1
instructions 1
instance 1
installed 1
initially 1
infra 1
infiniti 1
inexplicably 1
incredibly 1
klutz 1
launching 1
latter 1
latest 1
lately 1
lasting 1
ladies 1
lacks 1
lack 1
labeled 1
label 1
knowbr 1
knock 1
knob 1
including 1
kinky 1
kinds 1
kinda 1
kills 1
killing 1
kidding 1
key 1
kept 1
keeper 1
justify 1
junky 1
jumped 1
highbr 1
holy 1
holes 1
hole 1
holds 1
hmm 1
his 1
hindsight 1
hilow 1
hilo 1
highquality 1
highpitch 1
highlow 1
highhot 1
honesty 1
hesitate 1
heist 1
hefty 1
heavierbr 1
heavi 1
heats 1
heated 1
heatblow 1
heartbeat 1
healthy 1
health 1
hazard 1
hung 1
includes 1
inadvertently 1
improve 1
impressivelybeautifully 1
impressive 1
impression 1
impossible 1
importantly 1
ie 1
husband 1
hurt 1
hurrybr 1
hurry 1
problembr 1
hundreds 1
humorous 1
humming 1
humidity34 1
humidity 1
human 1
hum 1
hsve 1
howeverthe 1
household 1
hottest 1
hooded 1
